This is pdfTeX, Version 3.14159265-2.6-1.40.19 (MiKTeX 2.9.6880 64-bit) (preloaded format=pdflatex 2018.12.6)  6 DEC 2018 20:44
entering extended mode
**./template.tex
(template.tex
LaTeX2e <2018-04-01> patch level 5
(osudiss-2.cls
Document Class: osudiss-2 2010/05/24 v0.9 .dtx osudiss-2 file
*** Conforms to the 2010 Graduate School Format ***
("C:\Program Files\MiKTeX 2.9\tex\latex\base\ifthen.sty"
Package: ifthen 2014/09/29 v1.1c Standard LaTeX ifthen package (DPC)
)
("C:\Program Files\MiKTeX 2.9\tex\latex\base\report.cls"
Document Class: report 2014/09/29 v1.4h Standard LaTeX document class
("C:\Program Files\MiKTeX 2.9\tex\latex\base\size11.clo"
File: size11.clo 2014/09/29 v1.4h Standard LaTeX file (size option)
)
\c@part=\count80
\c@chapter=\count81
\c@section=\count82
\c@subsection=\count83
\c@subsubsection=\count84
\c@paragraph=\count85
\c@subparagraph=\count86
\c@figure=\count87
\c@table=\count88
\abovecaptionskip=\skip41
\belowcaptionskip=\skip42
\bibindent=\dimen102
)
("C:\Program Files\MiKTeX 2.9\tex\latex\geometry\geometry.sty"
Package: geometry 2018/04/16 v5.8 Page Geometry

("C:\Program Files\MiKTeX 2.9\tex\latex\graphics\keyval.sty"
Package: keyval 2014/10/28 v1.15 key=value parser (DPC)
\KV@toks@=\toks14
)
("C:\Program Files\MiKTeX 2.9\tex\generic\oberdiek\ifpdf.sty"
Package: ifpdf 2018/09/07 v3.3 Provides the ifpdf switch
)
("C:\Program Files\MiKTeX 2.9\tex\generic\oberdiek\ifvtex.sty"
Package: ifvtex 2016/05/16 v1.6 Detect VTeX and its facilities (HO)
Package ifvtex Info: VTeX not detected.
)
("C:\Program Files\MiKTeX 2.9\tex\generic\ifxetex\ifxetex.sty"
Package: ifxetex 2010/09/12 v0.6 Provides ifxetex conditional
)
\Gm@cnth=\count89
\Gm@cntv=\count90
\c@Gm@tempcnt=\count91
\Gm@bindingoffset=\dimen103
\Gm@wd@mp=\dimen104
\Gm@odd@mp=\dimen105
\Gm@even@mp=\dimen106
\Gm@layoutwidth=\dimen107
\Gm@layoutheight=\dimen108
\Gm@layouthoffset=\dimen109
\Gm@layoutvoffset=\dimen110
\Gm@dimlist=\toks15

("C:\Program Files\MiKTeX 2.9\tex\latex\geometry\geometry.cfg"))
("C:\Users\Greg Smith\AppData\Roaming\MiKTeX\2.9\tex\latex\setspace\setspace.st
y"
Package: setspace 2011/12/19 v6.7a set line spacing
)
("C:\Users\Greg Smith\AppData\Roaming\MiKTeX\2.9\tex\latex\titlesec\titlesec.st
y"
Package: titlesec 2016/03/21 v2.10.2 Sectioning titles
\ttl@box=\box26
\beforetitleunit=\skip43
\aftertitleunit=\skip44
\ttl@plus=\dimen111
\ttl@minus=\dimen112
\ttl@toksa=\toks16
\titlewidth=\dimen113
\titlewidthlast=\dimen114
\titlewidthfirst=\dimen115
)
("C:\Users\Greg Smith\AppData\Roaming\MiKTeX\2.9\tex\latex\tocloft\tocloft.sty"
Package: tocloft 2017/08/31 v2.3i parameterised ToC, etc., typesetting
Package tocloft Info: The document has chapter divisions on input line 51.
\cftparskip=\skip45
\cftbeforetoctitleskip=\skip46
\cftaftertoctitleskip=\skip47
\cftbeforepartskip=\skip48
\cftpartnumwidth=\skip49
\cftpartindent=\skip50
\cftbeforechapskip=\skip51
\cftchapindent=\skip52
\cftchapnumwidth=\skip53
\cftbeforesecskip=\skip54
\cftsecindent=\skip55
\cftsecnumwidth=\skip56
\cftbeforesubsecskip=\skip57
\cftsubsecindent=\skip58
\cftsubsecnumwidth=\skip59
\cftbeforesubsubsecskip=\skip60
\cftsubsubsecindent=\skip61
\cftsubsubsecnumwidth=\skip62
\cftbeforeparaskip=\skip63
\cftparaindent=\skip64
\cftparanumwidth=\skip65
\cftbeforesubparaskip=\skip66
\cftsubparaindent=\skip67
\cftsubparanumwidth=\skip68
\cftbeforeloftitleskip=\skip69
\cftafterloftitleskip=\skip70
\cftbeforefigskip=\skip71
\cftfigindent=\skip72
\cftfignumwidth=\skip73
\c@lofdepth=\count92
\c@lotdepth=\count93
\cftbeforelottitleskip=\skip74
\cftafterlottitleskip=\skip75
\cftbeforetabskip=\skip76
\cfttabindent=\skip77
\cfttabnumwidth=\skip78
) ("C:\Program Files\MiKTeX 2.9\tex\latex\hyperref\hyperref.sty"
Package: hyperref 2018/11/30 v6.88e Hypertext links for LaTeX

("C:\Program Files\MiKTeX 2.9\tex\generic\oberdiek\hobsub-hyperref.sty"
Package: hobsub-hyperref 2016/05/16 v1.14 Bundle oberdiek, subset hyperref (HO)


("C:\Program Files\MiKTeX 2.9\tex\generic\oberdiek\hobsub-generic.sty"
Package: hobsub-generic 2016/05/16 v1.14 Bundle oberdiek, subset generic (HO)
Package: hobsub 2016/05/16 v1.14 Construct package bundles (HO)
Package: infwarerr 2016/05/16 v1.4 Providing info/warning/error messages (HO)
Package: ltxcmds 2016/05/16 v1.23 LaTeX kernel commands for general use (HO)
Package: ifluatex 2016/05/16 v1.4 Provides the ifluatex switch (HO)
Package ifluatex Info: LuaTeX not detected.
Package hobsub Info: Skipping package `ifvtex' (already loaded).
Package: intcalc 2016/05/16 v1.2 Expandable calculations with integers (HO)
Package hobsub Info: Skipping package `ifpdf' (already loaded).
Package: etexcmds 2016/05/16 v1.6 Avoid name clashes with e-TeX commands (HO)
Package: kvsetkeys 2016/05/16 v1.17 Key value parser (HO)
Package: kvdefinekeys 2016/05/16 v1.4 Define keys (HO)
Package: pdftexcmds 2018/09/10 v0.29 Utility functions of pdfTeX for LuaTeX (HO
)
Package pdftexcmds Info: LuaTeX not detected.
Package pdftexcmds Info: \pdf@primitive is available.
Package pdftexcmds Info: \pdf@ifprimitive is available.
Package pdftexcmds Info: \pdfdraftmode found.
Package: pdfescape 2016/05/16 v1.14 Implements pdfTeX's escape features (HO)
Package: bigintcalc 2016/05/16 v1.4 Expandable calculations on big integers (HO
)
Package: bitset 2016/05/16 v1.2 Handle bit-vector datatype (HO)
Package: uniquecounter 2016/05/16 v1.3 Provide unlimited unique counter (HO)
)
Package hobsub Info: Skipping package `hobsub' (already loaded).
Package: letltxmacro 2016/05/16 v1.5 Let assignment for LaTeX macros (HO)
Package: hopatch 2016/05/16 v1.3 Wrapper for package hooks (HO)
Package: xcolor-patch 2016/05/16 xcolor patch
Package: atveryend 2016/05/16 v1.9 Hooks at the very end of document (HO)
Package atveryend Info: \enddocument detected (standard20110627).
Package: atbegshi 2016/06/09 v1.18 At begin shipout hook (HO)
Package: refcount 2016/05/16 v3.5 Data extraction from label references (HO)
Package: hycolor 2016/05/16 v1.8 Color options for hyperref/bookmark (HO)
)
("C:\Program Files\MiKTeX 2.9\tex\latex\oberdiek\auxhook.sty"
Package: auxhook 2016/05/16 v1.4 Hooks for auxiliary files (HO)
)
("C:\Program Files\MiKTeX 2.9\tex\latex\oberdiek\kvoptions.sty"
Package: kvoptions 2016/05/16 v3.12 Key value format for package options (HO)
)
\@linkdim=\dimen116
\Hy@linkcounter=\count94
\Hy@pagecounter=\count95

("C:\Program Files\MiKTeX 2.9\tex\latex\hyperref\pd1enc.def"
File: pd1enc.def 2018/11/30 v6.88e Hyperref: PDFDocEncoding definition (HO)
Now handling font encoding PD1 ...
... no UTF-8 mapping file for font encoding PD1
)
\Hy@SavedSpaceFactor=\count96

("C:\Program Files\MiKTeX 2.9\tex\latex\00miktex\hyperref.cfg"
File: hyperref.cfg 2002/06/06 v1.2 hyperref configuration of TeXLive
)
Package hyperref Info: Option `pdfpagelabels' set `true' on input line 4393.
Package hyperref Info: Option `final' set `true' on input line 4393.
Package hyperref Info: Option `implicit' set `true' on input line 4393.
Package hyperref Info: Hyper figures OFF on input line 4519.
Package hyperref Info: Link nesting OFF on input line 4524.
Package hyperref Info: Hyper index ON on input line 4527.
Package hyperref Info: Plain pages OFF on input line 4534.
Package hyperref Info: Backreferencing OFF on input line 4539.
Package hyperref Info: Implicit mode ON; LaTeX internals redefined.
Package hyperref Info: Bookmarks ON on input line 4772.
\c@Hy@tempcnt=\count97

("C:\Users\Greg Smith\AppData\Roaming\MiKTeX\2.9\tex\latex\url\url.sty"
\Urlmuskip=\muskip10
Package: url 2013/09/16  ver 3.4  Verb mode for urls, etc.
)
LaTeX Info: Redefining \url on input line 5125.
\XeTeXLinkMargin=\dimen117
\Fld@menulength=\count98
\Field@Width=\dimen118
\Fld@charsize=\dimen119
Package hyperref Info: Hyper figures OFF on input line 6380.
Package hyperref Info: Link nesting OFF on input line 6385.
Package hyperref Info: Hyper index ON on input line 6388.
Package hyperref Info: backreferencing OFF on input line 6395.
Package hyperref Info: Link coloring OFF on input line 6400.
Package hyperref Info: Link coloring with OCG OFF on input line 6405.
Package hyperref Info: PDF/A mode OFF on input line 6410.
LaTeX Info: Redefining \ref on input line 6450.
LaTeX Info: Redefining \pageref on input line 6454.
\Hy@abspage=\count99
\c@Item=\count100
\c@Hfootnote=\count101
)
Package hyperref Info: Driver (autodetected): hpdftex.

("C:\Program Files\MiKTeX 2.9\tex\latex\hyperref\hpdftex.def"
File: hpdftex.def 2018/11/30 v6.88e Hyperref driver for pdfTeX
\Fld@listcount=\count102
\c@bookmark@seq@number=\count103

("C:\Program Files\MiKTeX 2.9\tex\latex\oberdiek\rerunfilecheck.sty"
Package: rerunfilecheck 2016/05/16 v1.8 Rerun checks for auxiliary files (HO)
Package uniquecounter Info: New unique counter `rerunfilecheck' on input line 2
82.
)
\Hy@SectionHShift=\skip79
)
("C:\Program Files\MiKTeX 2.9\tex\latex\tools\calc.sty"
Package: calc 2017/05/25 v4.3 Infix arithmetic (KKT,FJ)
\calc@Acount=\count104
\calc@Bcount=\count105
\calc@Adimen=\dimen120
\calc@Bdimen=\dimen121
\calc@Askip=\skip80
\calc@Bskip=\skip81
LaTeX Info: Redefining \setlength on input line 80.
LaTeX Info: Redefining \addtolength on input line 81.
\calc@Ccount=\count106
\calc@Cskip=\skip82
)
("C:\Program Files\MiKTeX 2.9\tex\latex\carlisle\remreset.sty"

Package remreset Warning: The remreset package is obsolete:
(remreset)                \@removefomresset is defined.

)
\titleskip=\skip83
\chapterskip=\skip84
) ("C:\Program Files\MiKTeX 2.9\tex\latex\graphics\graphicx.sty"
Package: graphicx 2017/06/01 v1.1a Enhanced LaTeX Graphics (DPC,SPQR)

("C:\Program Files\MiKTeX 2.9\tex\latex\graphics\graphics.sty"
Package: graphics 2017/06/25 v1.2c Standard LaTeX Graphics (DPC,SPQR)

("C:\Program Files\MiKTeX 2.9\tex\latex\graphics\trig.sty"
Package: trig 2016/01/03 v1.10 sin cos tan (DPC)
)
("C:\Program Files\MiKTeX 2.9\tex\latex\graphics-cfg\graphics.cfg"
File: graphics.cfg 2016/06/04 v1.11 sample graphics configuration
)
Package graphics Info: Driver file: pdftex.def on input line 99.

("C:\Program Files\MiKTeX 2.9\tex\latex\graphics-def\pdftex.def"
File: pdftex.def 2018/01/08 v1.0l Graphics/color driver for pdftex
))
\Gin@req@height=\dimen122
\Gin@req@width=\dimen123
)
("C:\Users\Greg Smith\AppData\Roaming\MiKTeX\2.9\tex\latex\lipsum\lipsum.sty"
("C:\Users\Greg Smith\AppData\Roaming\MiKTeX\2.9\tex\latex\l3kernel\expl3.sty"
Package: expl3 2018-11-19 L3 programming layer (loader) 

("C:\Users\Greg Smith\AppData\Roaming\MiKTeX\2.9\tex\latex\l3kernel\expl3-code.
tex"
Package: expl3 2018-11-19 L3 programming layer (code)
\c_max_int=\count107
\l_tmpa_int=\count108
\l_tmpb_int=\count109
\g_tmpa_int=\count110
\g_tmpb_int=\count111
\g__kernel_prg_map_int=\count112
\c_log_iow=\count113
\l_iow_line_count_int=\count114
\l__iow_line_target_int=\count115
\l__iow_one_indent_int=\count116
\l__iow_indent_int=\count117
\c_zero_dim=\dimen124
\c_max_dim=\dimen125
\l_tmpa_dim=\dimen126
\l_tmpb_dim=\dimen127
\g_tmpa_dim=\dimen128
\g_tmpb_dim=\dimen129
\c_zero_skip=\skip85
\c_max_skip=\skip86
\l_tmpa_skip=\skip87
\l_tmpb_skip=\skip88
\g_tmpa_skip=\skip89
\g_tmpb_skip=\skip90
\c_zero_muskip=\muskip11
\c_max_muskip=\muskip12
\l_tmpa_muskip=\muskip13
\l_tmpb_muskip=\muskip14
\g_tmpa_muskip=\muskip15
\g_tmpb_muskip=\muskip16
\l_keys_choice_int=\count118
\l__intarray_loop_int=\count119
\c__intarray_sp_dim=\dimen130
\g__intarray_font_int=\count120
\c__fp_leading_shift_int=\count121
\c__fp_middle_shift_int=\count122
\c__fp_trailing_shift_int=\count123
\c__fp_big_leading_shift_int=\count124
\c__fp_big_middle_shift_int=\count125
\c__fp_big_trailing_shift_int=\count126
\c__fp_Bigg_leading_shift_int=\count127
\c__fp_Bigg_middle_shift_int=\count128
\c__fp_Bigg_trailing_shift_int=\count129
\c__kernel_randint_max_int=\count130
\g__fp_array_int=\count131
\l__fp_array_loop_int=\count132
\l__sort_length_int=\count133
\l__sort_min_int=\count134
\l__sort_top_int=\count135
\l__sort_max_int=\count136
\l__sort_true_max_int=\count137
\l__sort_block_int=\count138
\l__sort_begin_int=\count139
\l__sort_end_int=\count140
\l__sort_A_int=\count141
\l__sort_B_int=\count142
\l__sort_C_int=\count143
\l__tl_analysis_normal_int=\count144
\l__tl_analysis_index_int=\count145
\l__tl_analysis_nesting_int=\count146
\l__tl_analysis_type_int=\count147
\l__regex_internal_a_int=\count148
\l__regex_internal_b_int=\count149
\l__regex_internal_c_int=\count150
\l__regex_balance_int=\count151
\l__regex_group_level_int=\count152
\l__regex_mode_int=\count153
\c__regex_cs_in_class_mode_int=\count154
\c__regex_cs_mode_int=\count155
\l__regex_catcodes_int=\count156
\l__regex_default_catcodes_int=\count157
\c__regex_catcode_D_int=\count158
\c__regex_catcode_S_int=\count159
\c__regex_catcode_L_int=\count160
\c__regex_catcode_O_int=\count161
\c__regex_catcode_A_int=\count162
\c__regex_all_catcodes_int=\count163
\l__regex_show_lines_int=\count164
\l__regex_min_state_int=\count165
\l__regex_max_state_int=\count166
\l__regex_left_state_int=\count167
\l__regex_right_state_int=\count168
\l__regex_capturing_group_int=\count169
\l__regex_min_pos_int=\count170
\l__regex_max_pos_int=\count171
\l__regex_curr_pos_int=\count172
\l__regex_start_pos_int=\count173
\l__regex_success_pos_int=\count174
\l__regex_curr_char_int=\count175
\l__regex_curr_catcode_int=\count176
\l__regex_last_char_int=\count177
\l__regex_case_changed_char_int=\count178
\l__regex_curr_state_int=\count179
\l__regex_step_int=\count180
\l__regex_min_active_int=\count181
\l__regex_max_active_int=\count182
\l__regex_replacement_csnames_int=\count183
\l__regex_match_count_int=\count184
\l__regex_min_submatch_int=\count185
\l__regex_submatch_int=\count186
\l__regex_zeroth_submatch_int=\count187
\g__regex_trace_regex_int=\count188
\c_empty_box=\box27
\l_tmpa_box=\box28
\l_tmpb_box=\box29
\g_tmpa_box=\box30
\g_tmpb_box=\box31
\l__box_top_dim=\dimen131
\l__box_bottom_dim=\dimen132
\l__box_left_dim=\dimen133
\l__box_right_dim=\dimen134
\l__box_top_new_dim=\dimen135
\l__box_bottom_new_dim=\dimen136
\l__box_left_new_dim=\dimen137
\l__box_right_new_dim=\dimen138
\l__box_internal_box=\box32
\l__coffin_internal_box=\box33
\l__coffin_internal_dim=\dimen139
\l__coffin_offset_x_dim=\dimen140
\l__coffin_offset_y_dim=\dimen141
\l__coffin_x_dim=\dimen142
\l__coffin_y_dim=\dimen143
\l__coffin_x_prime_dim=\dimen144
\l__coffin_y_prime_dim=\dimen145
\c_empty_coffin=\box34
\l__coffin_aligned_coffin=\box35
\l__coffin_aligned_internal_coffin=\box36
\l_tmpa_coffin=\box37
\l_tmpb_coffin=\box38
\l__coffin_display_coffin=\box39
\l__coffin_display_coord_coffin=\box40
\l__coffin_display_pole_coffin=\box41
\l__coffin_display_offset_dim=\dimen146
\l__coffin_display_x_dim=\dimen147
\l__coffin_display_y_dim=\dimen148
\g__file_internal_ior=\read1
\l__coffin_bounding_shift_dim=\dimen149
\l__coffin_left_corner_dim=\dimen150
\l__coffin_right_corner_dim=\dimen151
\l__coffin_bottom_corner_dim=\dimen152
\l__coffin_top_corner_dim=\dimen153
\l__coffin_scaled_total_height_dim=\dimen154
\l__coffin_scaled_width_dim=\dimen155
\l__seq_internal_a_int=\count189
\l__seq_internal_b_int=\count190
)
("C:\Users\Greg Smith\AppData\Roaming\MiKTeX\2.9\tex\latex\l3kernel\l3pdfmode.d
ef"
File: l3pdfmode.def 2018-11-19 v L3 Experimental driver: PDF mode
\l__driver_color_stack_int=\count191
))
("C:\Users\Greg Smith\AppData\Roaming\MiKTeX\2.9\tex\latex\l3packages\xparse\xp
arse.sty"
Package: xparse 2018-10-17 L3 Experimental document command parser
\l__xparse_current_arg_int=\count192
\g__xparse_grabber_int=\count193
\l__xparse_m_args_int=\count194
\l__xparse_mandatory_args_int=\count195
\l__xparse_v_nesting_int=\count196
)
Package: lipsum 2018/11/24 v2.1a 150 paragraphs of Lorem Ipsum dummy text
)
("C:\Users\Greg Smith\AppData\Roaming\MiKTeX\2.9\tex\latex\verbatimbox\verbatim
box.sty"
Package: verbatimbox 2014/03/12 v3.13 Routines for placing verbatim text into b
oxes, useful in places where the verbatim environment is inaccessible. Secondar
ily, for adding vertical buffer around an object.
 ("C:\Program Files\MiKTeX 2.9\tex\latex\tools\verbatim.sty"
Package: verbatim 2014/10/28 v1.5q LaTeX2e package for verbatim enhancements
\every@verbatim=\toks17
\verbatim@line=\toks18
\verbatim@in@stream=\read2
)
("C:\Users\Greg Smith\AppData\Roaming\MiKTeX\2.9\tex\latex\readarray\readarray.
sty"
Package: readarray 2016/11/07\ 2.0\ Routines for inputting 2D and 3D array data
 and recalling it on an element-by-element basis.

("C:\Users\Greg Smith\AppData\Roaming\MiKTeX\2.9\tex\latex\listofitems\listofit
ems.sty"
("C:\Users\Greg Smith\AppData\Roaming\MiKTeX\2.9\tex\generic\listofitems\listof
items.tex"
\loi_cnt_foreach_nest=\count197
\loi_nestcnt=\count198
)
Package: listofitems 2018/11/01 v1.6 Grab items in lists using user-specified s
ep char (CT)
)
\c@@index=\count199
\c@@plane=\count266
\c@@row=\count267
\c@@col=\count268
\c@use@args=\count269
\c@@record=\count270
\c@arg@index=\count271
\c@break@count=\count272
\c@index@count=\count273
\c@loop@count=\count274
\Arg@toks=\toks19
\@arrayident@toks=\toks20
\rdar@file=\read3

readarray: bounds checking OFF
)
\savedverbbox=\box42
\c@VerbboxLineNo=\count275
\boxtopsep=\dimen156
\boxbottomsep=\dimen157
\ps@tempdima=\dimen158
\ps@tempboxa=\box43
\boxtop@sep=\skip91
\boxbottom@sep=\skip92
) ("C:\Program Files\MiKTeX 2.9\tex\latex\tools\bm.sty"
Package: bm 2017/01/16 v1.2c Bold Symbol Support (DPC/FMi)
\symboldoperators=\mathgroup4
\symboldletters=\mathgroup5
\symboldsymbols=\mathgroup6
LaTeX Font Info:    Redeclaring math alphabet \mathbf on input line 141.
LaTeX Info: Redefining \bm on input line 207.
)
("C:\Users\Greg Smith\AppData\Roaming\MiKTeX\2.9\tex\latex\booktabs\booktabs.st
y"
Package: booktabs 2005/04/14 v1.61803 publication quality tables
\heavyrulewidth=\dimen159
\lightrulewidth=\dimen160
\cmidrulewidth=\dimen161
\belowrulesep=\dimen162
\belowbottomsep=\dimen163
\aboverulesep=\dimen164
\abovetopsep=\dimen165
\cmidrulesep=\dimen166
\cmidrulekern=\dimen167
\defaultaddspace=\dimen168
\@cmidla=\count276
\@cmidlb=\count277
\@aboverulesep=\dimen169
\@belowrulesep=\dimen170
\@thisruleclass=\count278
\@lastruleclass=\count279
\@thisrulewidth=\dimen171
)
("C:\Users\Greg Smith\AppData\Roaming\MiKTeX\2.9\tex\latex\appendix\appendix.st
y"
Package: appendix 2009/09/02 v1.2b extra appendix facilities
\c@@pps=\count280
\c@@ppsavesec=\count281
\c@@ppsaveapp=\count282
) ("C:\Program Files\MiKTeX 2.9\tex\latex\oberdiek\bookmark.sty"
Package: bookmark 2016/05/17 v1.26 PDF bookmarks (HO)

("C:\Program Files\MiKTeX 2.9\tex\latex\oberdiek\bkm-pdftex.def"
File: bkm-pdftex.def 2016/05/17 v1.26 bookmark driver for pdfTeX (HO)
\BKM@id=\count283
))
Package hyperref Info: Option `colorlinks' set `true' on input line 46.
Package hyperref Info: Option `breaklinks' set `true' on input line 46.

("C:\Program Files\MiKTeX 2.9\tex\latex\oberdiek\hypcap.sty"
Package: hypcap 2016/05/16 v1.12 Adjusting the anchors of captions (HO)
)
("C:\Users\Greg Smith\AppData\Roaming\MiKTeX\2.9\tex\latex\natbib\natbib.sty"
Package: natbib 2010/09/13 8.31b (PWD, AO)
\bibhang=\skip93
\bibsep=\skip94
LaTeX Info: Redefining \cite on input line 694.
\c@NAT@ctr=\count284
)
("C:\Users\Greg Smith\AppData\Roaming\MiKTeX\2.9\tex\latex\subfig\subfig.sty"
Package: subfig 2005/06/28 ver: 1.3 subfig package

("C:\Users\Greg Smith\AppData\Roaming\MiKTeX\2.9\tex\latex\caption\caption.sty"
Package: caption 2018/10/06 v3.3-154 Customizing captions (AR)
("C:\Users\Greg Smith\AppData\Roaming\MiKTeX\2.9\tex\latex\caption\caption3.sty
"
Package: caption3 2018/09/12 v1.8c caption3 kernel (AR)
Package caption3 Info: TeX engine: e-TeX on input line 64.
\captionmargin=\dimen172
\captionmargin@=\dimen173
\captionwidth=\dimen174
\caption@tempdima=\dimen175
\caption@indent=\dimen176
\caption@parindent=\dimen177
\caption@hangindent=\dimen178
)
\c@caption@flags=\count285
\c@ContinuedFloat=\count286
Package caption Info: hyperref package is loaded.
Package caption Info: hypcap package is loaded.
)
\c@KVtest=\count287
\sf@farskip=\skip95
\sf@captopadj=\dimen179
\sf@capskip=\skip96
\sf@nearskip=\skip97
\c@subfigure=\count288
\c@subfigure@save=\count289
\c@subtable=\count290
\c@subtable@save=\count291
\sf@top=\skip98
\sf@bottom=\skip99
)
("C:\Users\Greg Smith\AppData\Roaming\MiKTeX\2.9\tex\latex\adjustbox\adjustbox.
sty"
Package: adjustbox 2018/04/08 v1.1 Adjusting TeX boxes (trim, clip, ...)
 ("C:\Program Files\MiKTeX 2.9\tex\latex\xkeyval\xkeyval.sty"
Package: xkeyval 2014/12/03 v2.7a package option processing (HA)

("C:\Program Files\MiKTeX 2.9\tex\generic\xkeyval\xkeyval.tex"
("C:\Program Files\MiKTeX 2.9\tex\generic\xkeyval\xkvutils.tex"
\XKV@toks=\toks21
\XKV@tempa@toks=\toks22
)
\XKV@depth=\count292
File: xkeyval.tex 2014/12/03 v2.7a key=value parser (HA)
))
("C:\Users\Greg Smith\AppData\Roaming\MiKTeX\2.9\tex\latex\adjustbox\adjcalc.st
y"
Package: adjcalc 2012/05/16 v1.1 Provides advanced setlength with multiple back
-ends (calc, etex, pgfmath)
)
("C:\Users\Greg Smith\AppData\Roaming\MiKTeX\2.9\tex\latex\adjustbox\trimclip.s
ty"
Package: trimclip 2018/04/08 v1.1 Trim and clip general TeX material

("C:\Users\Greg Smith\AppData\Roaming\MiKTeX\2.9\tex\latex\collectbox\collectbo
x.sty"
Package: collectbox 2012/05/17 v0.4b Collect macro arguments as boxes
\collectedbox=\box44
)
\tc@llx=\dimen180
\tc@lly=\dimen181
\tc@urx=\dimen182
\tc@ury=\dimen183
Package trimclip Info: Using driver 'tc-pdftex.def'.

("C:\Users\Greg Smith\AppData\Roaming\MiKTeX\2.9\tex\latex\adjustbox\tc-pdftex.
def"
File: tc-pdftex.def 2018/04/08 v2.1 Clipping driver for pdftex
))
\adjbox@Width=\dimen184
\adjbox@Height=\dimen185
\adjbox@Depth=\dimen186
\adjbox@Totalheight=\dimen187
\adjbox@pwidth=\dimen188
\adjbox@pheight=\dimen189
\adjbox@pdepth=\dimen190
\adjbox@ptotalheight=\dimen191

("C:\Users\Greg Smith\AppData\Roaming\MiKTeX\2.9\tex\latex\ifoddpage\ifoddpage.
sty"
Package: ifoddpage 2016/04/23 v1.1 Conditionals for odd/even page detection
\c@checkoddpage=\count293
)
("C:\Users\Greg Smith\AppData\Roaming\MiKTeX\2.9\tex\latex\varwidth\varwidth.st
y"
Package: varwidth 2009/03/30 ver 0.92;  Variable-width minipages
\@vwid@box=\box45
\sift@deathcycles=\count294
\@vwid@loff=\dimen192
\@vwid@roff=\dimen193
))
("C:\Users\Greg Smith\AppData\Roaming\MiKTeX\2.9\tex\latex\glossaries\base\glos
saries.sty"
Package: glossaries 2018/07/23 v4.41 (NLCT)

("C:\Users\Greg Smith\AppData\Roaming\MiKTeX\2.9\tex\latex\mfirstuc\mfirstuc.st
y"
Package: mfirstuc 2017/11/14 v2.06 (NLCT)

("C:\Users\Greg Smith\AppData\Roaming\MiKTeX\2.9\tex\latex\etoolbox\etoolbox.st
y"
Package: etoolbox 2018/08/19 v2.5f e-TeX tools for LaTeX (JAW)
\etb@tempcnta=\count295
)
\@glsmfirst=\toks23
\@glsmrest=\toks24
)
("C:\Users\Greg Smith\AppData\Roaming\MiKTeX\2.9\tex\latex\textcase\textcase.st
y"
Package: textcase 2004/10/07 v0.07 Text only upper/lower case changing (DPC)
) ("C:\Users\Greg Smith\AppData\Roaming\MiKTeX\2.9\tex\latex\xfor\xfor.sty"
Package: xfor 2009/02/05 v1.05 (NLCT)
)
("C:\Users\Greg Smith\AppData\Roaming\MiKTeX\2.9\tex\latex\datatool\datatool-ba
se.sty"
Package: datatool-base 2018/04/16 v2.30 (NLCT)
 ("C:\Program Files\MiKTeX 2.9\tex\latex\amsmath\amsmath.sty"
Package: amsmath 2017/09/02 v2.17a AMS math features
\@mathmargin=\skip100

For additional information on amsmath, use the `?' option.
("C:\Program Files\MiKTeX 2.9\tex\latex\amsmath\amstext.sty"
Package: amstext 2000/06/29 v2.01 AMS text

("C:\Program Files\MiKTeX 2.9\tex\latex\amsmath\amsgen.sty"
File: amsgen.sty 1999/11/30 v2.0 generic functions
\@emptytoks=\toks25
\ex@=\dimen194
))
("C:\Program Files\MiKTeX 2.9\tex\latex\amsmath\amsbsy.sty"
Package: amsbsy 1999/11/29 v1.2d Bold Symbols
LaTeX Info: Redefining \boldsymbol on input line 28.
\pmbraise@=\dimen195
)
("C:\Program Files\MiKTeX 2.9\tex\latex\amsmath\amsopn.sty"
Package: amsopn 2016/03/08 v2.02 operator names
)
\inf@bad=\count296
LaTeX Info: Redefining \frac on input line 213.
\uproot@=\count297
\leftroot@=\count298
LaTeX Info: Redefining \overline on input line 375.
\classnum@=\count299
\DOTSCASE@=\count300
LaTeX Info: Redefining \ldots on input line 472.
LaTeX Info: Redefining \dots on input line 475.
LaTeX Info: Redefining \cdots on input line 596.
\Mathstrutbox@=\box46
\strutbox@=\box47
\big@size=\dimen196
LaTeX Font Info:    Redeclaring font encoding OML on input line 712.
LaTeX Font Info:    Redeclaring font encoding OMS on input line 713.
\macc@depth=\count301
\c@MaxMatrixCols=\count302
\dotsspace@=\muskip17
\c@parentequation=\count303
\dspbrk@lvl=\count304
\tag@help=\toks26
\row@=\count305
\column@=\count306
\maxfields@=\count307
\andhelp@=\toks27
\eqnshift@=\dimen197
\alignsep@=\dimen198
\tagshift@=\dimen199
\tagwidth@=\dimen256
\totwidth@=\dimen257
\lineht@=\dimen258
\@envbody=\toks28
\multlinegap=\skip101
\multlinetaggap=\skip102
\mathdisplay@stack=\toks29
LaTeX Info: Redefining \[ on input line 2817.
LaTeX Info: Redefining \] on input line 2818.
)
("C:\Users\Greg Smith\AppData\Roaming\MiKTeX\2.9\tex\latex\substr\substr.sty"
Package: substr 2009/10/20 v1.2 Handle substrings
\c@su@anzahl=\count308
)
("C:\Users\Greg Smith\AppData\Roaming\MiKTeX\2.9\tex\latex\datatool\datatool-fp
.sty"
Package: datatool-fp 2018/04/16 v2.30 (NLCT)
 ("C:\Users\Greg Smith\AppData\Roaming\MiKTeX\2.9\tex\latex\fp\fp.sty"
Package: fp 1995/04/02

`Fixed Point Package', Version 0.8, April 2, 1995 (C) Michael Mehlich
("C:\Users\Greg Smith\AppData\Roaming\MiKTeX\2.9\tex\latex\fp\defpattern.sty"
Package: defpattern 1994/10/12
\actioncount=\count309
)
("C:\Users\Greg Smith\AppData\Roaming\MiKTeX\2.9\tex\latex\fp\fp-basic.sty"
Package: fp-basic 1996/05/13
\FP@xs=\count310
\FP@xia=\count311
\FP@xib=\count312
\FP@xfa=\count313
\FP@xfb=\count314
\FP@rega=\count315
\FP@regb=\count316
\FP@regs=\count317
\FP@times=\count318
)
("C:\Users\Greg Smith\AppData\Roaming\MiKTeX\2.9\tex\latex\fp\fp-addons.sty"
Package: fp-addons 1995/03/15
)
("C:\Users\Greg Smith\AppData\Roaming\MiKTeX\2.9\tex\latex\fp\fp-snap.sty"
Package: fp-snap 1995/04/05
)
("C:\Users\Greg Smith\AppData\Roaming\MiKTeX\2.9\tex\latex\fp\fp-exp.sty"
Package: fp-exp 1995/04/03
)
("C:\Users\Greg Smith\AppData\Roaming\MiKTeX\2.9\tex\latex\fp\fp-trigo.sty"
Package: fp-trigo 1995/04/14
)
("C:\Users\Greg Smith\AppData\Roaming\MiKTeX\2.9\tex\latex\fp\fp-pas.sty"
Package: fp-pas 1994/08/29
)
("C:\Users\Greg Smith\AppData\Roaming\MiKTeX\2.9\tex\latex\fp\fp-random.sty"
Package: fp-random 1995/02/23
\FPseed=\count319
)
("C:\Users\Greg Smith\AppData\Roaming\MiKTeX\2.9\tex\latex\fp\fp-eqn.sty"
Package: fp-eqn 1995/04/03
)
("C:\Users\Greg Smith\AppData\Roaming\MiKTeX\2.9\tex\latex\fp\fp-upn.sty"
Package: fp-upn 1996/10/21
)
("C:\Users\Greg Smith\AppData\Roaming\MiKTeX\2.9\tex\latex\fp\fp-eval.sty"
Package: fp-eval 1995/04/03
)))
\@dtl@toks=\toks30
\@dtl@tmpcount=\count320
\dtl@tmplength=\skip103
\dtl@sortresult=\count321
\@dtl@numgrpsepcount=\count322
\@dtl@datatype=\count323
\dtl@codeA=\count324
\dtl@codeB=\count325
\@dtl@foreach@level=\count326
)
("C:\Users\Greg Smith\AppData\Roaming\MiKTeX\2.9\tex\latex\glossaries\base\glos
saries-compatible-307.sty"
Package: glossaries-compatible-307 2018/07/23 v4.41 (NLCT)
)
\gls@level=\count327
\@gls@tmpb=\toks31
\gls@tmplen=\skip104
\glskeylisttok=\toks32
\glslabeltok=\toks33
\glsshorttok=\toks34
\glslongtok=\toks35

("C:\Users\Greg Smith\AppData\Roaming\MiKTeX\2.9\tex\latex\glossaries\styles\gl
ossary-hypernav.sty"
Package: glossary-hypernav 2018/07/23 v4.41 (NLCT)
)
("C:\Users\Greg Smith\AppData\Roaming\MiKTeX\2.9\tex\latex\glossaries\styles\gl
ossary-list.sty"
Package: glossary-list 2018/07/23 v4.41 (NLCT)
\glslistdottedwidth=\skip105
)
("C:\Users\Greg Smith\AppData\Roaming\MiKTeX\2.9\tex\latex\glossaries\styles\gl
ossary-long.sty"
Package: glossary-long 2018/07/23 v4.41 (NLCT)
 ("C:\Program Files\MiKTeX 2.9\tex\latex\tools\longtable.sty"
Package: longtable 2014/10/28 v4.11 Multi-page Table package (DPC)
\LTleft=\skip106
\LTright=\skip107
\LTpre=\skip108
\LTpost=\skip109
\LTchunksize=\count328
\LTcapwidth=\dimen259
\LT@head=\box48
\LT@firsthead=\box49
\LT@foot=\box50
\LT@lastfoot=\box51
\LT@cols=\count329
\LT@rows=\count330
\c@LT@tables=\count331
\c@LT@chunks=\count332
\LT@p@ftn=\toks36
)
\glsdescwidth=\skip110
\glspagelistwidth=\skip111
)
("C:\Users\Greg Smith\AppData\Roaming\MiKTeX\2.9\tex\latex\glossaries\styles\gl
ossary-super.sty"
Package: glossary-super 2018/07/23 v4.41 (NLCT)

("C:\Users\Greg Smith\AppData\Roaming\MiKTeX\2.9\tex\latex\supertabular\superta
bular.sty"
Package: supertabular 2004/02/20 v4.1e the supertabular environment
\c@tracingst=\count333
\ST@wd=\dimen260
\ST@rightskip=\skip112
\ST@leftskip=\skip113
\ST@parfillskip=\skip114
\ST@pageleft=\dimen261
\ST@headht=\dimen262
\ST@tailht=\dimen263
\ST@pagesofar=\dimen264
\ST@pboxht=\dimen265
\ST@lineht=\dimen266
\ST@stretchht=\dimen267
\ST@prevht=\dimen268
\ST@toadd=\dimen269
\ST@dimen=\dimen270
\ST@pbox=\box52
))
("C:\Users\Greg Smith\AppData\Roaming\MiKTeX\2.9\tex\latex\glossaries\styles\gl
ossary-tree.sty"
Package: glossary-tree 2018/07/23 v4.41 (NLCT)
\glstreeindent=\skip115
))
\glswrite=\write3
\glo@main@file=\write4
\openout4 = `template.glo'.

Package glossaries Info: Writing glossary file template.glo on input line 64.
\glo@acronym@file=\write5
\openout5 = `template.acn'.

Package glossaries Info: Writing glossary file template.acn on input line 64.

\@input{acronyms.aux}
\openout2 = `acronyms.aux'.

(acronyms.tex) (template.aux (template-abstract.aux) (template-ack.aux)
(template-vita.aux) (chap1.aux) (chap2.aux) (chap3.aux) (chap4.aux

LaTeX Warning: Label `background' multiply defined.

) (chap5.aux

LaTeX Warning: Label `grb' multiply defined.

) (chap6.aux) (chap7.aux) (app3.aux) (app1.aux) (app2.aux

LaTeX Warning: Label `phi' multiply defined.

) (app4.aux))
\openout1 = `template.aux'.

LaTeX Font Info:    Checking defaults for OML/cmm/m/it on input line 120.
LaTeX Font Info:    ... okay on input line 120.
LaTeX Font Info:    Checking defaults for T1/cmr/m/n on input line 120.
LaTeX Font Info:    ... okay on input line 120.
LaTeX Font Info:    Checking defaults for OT1/cmr/m/n on input line 120.
LaTeX Font Info:    ... okay on input line 120.
LaTeX Font Info:    Checking defaults for OMS/cmsy/m/n on input line 120.
LaTeX Font Info:    ... okay on input line 120.
LaTeX Font Info:    Checking defaults for OMX/cmex/m/n on input line 120.
LaTeX Font Info:    ... okay on input line 120.
LaTeX Font Info:    Checking defaults for U/cmr/m/n on input line 120.
LaTeX Font Info:    ... okay on input line 120.
LaTeX Font Info:    Checking defaults for PD1/pdf/m/n on input line 120.
LaTeX Font Info:    ... okay on input line 120.

*geometry* driver: auto-detecting
*geometry* detected driver: pdftex
*geometry* verbose mode - [ preamble ] result:
* driver: pdftex
* paper: letterpaper
* layout: <same size as paper>
* layoutoffset:(h,v)=(0.0pt,0.0pt)
* modes: includefoot 
* h-part:(L,W,R)=(108.405pt, 433.62001pt, 72.26999pt)
* v-part:(T,H,B)=(72.26999pt, 650.43001pt, 72.26999pt)
* \paperwidth=614.295pt
* \paperheight=794.96999pt
* \textwidth=433.62001pt
* \textheight=630.03pt
* \oddsidemargin=36.13501pt
* \evensidemargin=36.13501pt
* \topmargin=0.0pt
* \headheight=0.0pt
* \headsep=0.0pt
* \topskip=11.0pt
* \footskip=20.40001pt
* \marginparwidth=59.0pt
* \marginparsep=10.0pt
* \columnsep=10.0pt
* \skip\footins=10.0pt plus 4.0pt minus 2.0pt
* \hoffset=0.0pt
* \voffset=0.0pt
* \mag=1000
* \@twocolumnfalse
* \@twosidefalse
* \@mparswitchfalse
* \@reversemarginfalse
* (1in=72.27pt=25.4mm, 1cm=28.453pt)

\AtBeginShipoutBox=\box53
("C:\Program Files\MiKTeX 2.9\tex\latex\graphics\color.sty"
Package: color 2016/07/10 v1.1e Standard LaTeX Color (DPC)

("C:\Program Files\MiKTeX 2.9\tex\latex\graphics-cfg\color.cfg"
File: color.cfg 2016/01/02 v1.6 sample color configuration
)
Package color Info: Driver file: pdftex.def on input line 147.
)
Package hyperref Info: Link coloring ON on input line 120.

("C:\Program Files\MiKTeX 2.9\tex\latex\hyperref\nameref.sty"
Package: nameref 2016/05/21 v2.44 Cross-referencing by name of section

("C:\Program Files\MiKTeX 2.9\tex\generic\oberdiek\gettitlestring.sty"
Package: gettitlestring 2016/05/16 v1.5 Cleanup title references (HO)
)
\c@section@level=\count334
)
LaTeX Info: Redefining \ref on input line 120.
LaTeX Info: Redefining \pageref on input line 120.
LaTeX Info: Redefining \nameref on input line 120.

("C:\Users\Greg Smith\AppData\Roaming\MiKTeX\2.9\tex\context\base\supp-pdf.mkii
"
[Loading MPS to PDF converter (version 2006.09.02).]
\scratchcounter=\count335
\scratchdimen=\dimen271
\scratchbox=\box54
\nofMPsegments=\count336
\nofMParguments=\count337
\everyMPshowfont=\toks37
\MPscratchCnt=\count338
\MPscratchDim=\dimen272
\MPnumerator=\count339
\makeMPintoPDFobject=\count340
\everyMPtoPDFconversion=\toks38
) ("C:\Program Files\MiKTeX 2.9\tex\latex\oberdiek\epstopdf-base.sty"
Package: epstopdf-base 2016/05/15 v2.6 Base part for package epstopdf

("C:\Program Files\MiKTeX 2.9\tex\latex\oberdiek\grfext.sty"
Package: grfext 2016/05/16 v1.2 Manage graphics extensions (HO)
)
Package epstopdf-base Info: Redefining graphics rule for `.eps' on input line 4
38.
Package grfext Info: Graphics extension search list:
(grfext)             [.pdf,.png,.jpg,.mps,.jpeg,.jbig2,.jb2,.PDF,.PNG,.JPG,.JPE
G,.JBIG2,.JB2,.eps]
(grfext)             \AppendGraphicsExtensions on input line 456.
)
Package caption Info: Begin \AtBeginDocument code.
Package caption Info: subfig package v1.3 is loaded.
Package caption Info: longtable package is loaded.

("C:\Users\Greg Smith\AppData\Roaming\MiKTeX\2.9\tex\latex\caption\ltcaption.st
y"
Package: ltcaption 2018/08/26 v1.4-95 longtable captions (AR)
)
Package caption Info: supertabular package is loaded.
Package caption Info: End \AtBeginDocument code.
 [1

\openout3 = `template.ist'.



{C:/Users/Greg Smith/AppData/Local/MiKTeX/2.9/pdftex/config/pdftex.map}]
LaTeX Font Info:    Try loading font information for OMS+cmr on input line 122.


("C:\Program Files\MiKTeX 2.9\tex\latex\base\omscmr.fd"
File: omscmr.fd 2014/09/29 v2.5h Standard LaTeX font definitions
)
LaTeX Font Info:    Font shape `OMS/cmr/m/n' in size <10.95> not available
(Font)              Font shape `OMS/cmsy/m/n' tried instead on input line 122.
 [1

]
\openout2 = `template-abstract.aux'.


(template-abstract.tex [2



]) [3


]
\openout2 = `template-ack.aux'.

 (template-ack.tex [4



] [5])
\openout2 = `template-vita.aux'.

 (template-vita.tex
[6




]) (template.toc
Overfull \hbox (3.71083pt too wide) detected at line 7
 []\OT1/cmr/m/n/10.95 xviii
 []

[7

] [8] [9])
\tf@toc=\write6
\openout6 = `template.toc'.

 [10] (template.lof [11

]

Package natbib Warning: Citation `tuff' on page xii undefined on input line 22.


[12]

Package natbib Warning: Citation `diffuse' on page xiii undefined on input line
 32.


Package natbib Warning: Citation `anita2' on page xiii undefined on input line 
36.

[13]

Package natbib Warning: Citation `diffuse' on page xiv undefined on input line 
49.


Package natbib Warning: Citation `me2' on page xiv undefined on input line 55.


Package natbib Warning: Citation `diffuse' on page xiv undefined on input line 
56.


Package natbib Warning: Citation `diffuse' on page xiv undefined on input line 
57.


Package natbib Warning: Citation `anita_grb' on page xiv undefined on input lin
e 69.


Package natbib Warning: Citation `IC2012' on page xiv undefined on input line 6
9.


Package natbib Warning: Citation `guetta' on page xiv undefined on input line 6
9.


Package natbib Warning: Citation `anita_grb' on page xiv undefined on input lin
e 69.

[14]

Package natbib Warning: Citation `araproto' on page xv undefined on input line 
70.


Package natbib Warning: Citation `araproto' on page xv undefined on input line 
71.


Package natbib Warning: Citation `IC2012' on page xv undefined on input line 71
.


Package natbib Warning: Citation `antaresmuon' on page xv undefined on input li
ne 71.

[15]

Package natbib Warning: Citation `me2' on page xvi undefined on input line 87.

[16])
\tf@lof=\write7
\openout7 = `template.lof'.

 [17]
No file template.acr.
[18

]
\openout2 = `chap1.aux'.

 (chap1.tex
Chapter 1.
<figures/grb_xmas.jpg, id=711, 632.3625pt x 800.9925pt>
File: figures/grb_xmas.jpg Graphic file (type jpg)
<use figures/grb_xmas.jpg>
Package pdftex.def Info: figures/grb_xmas.jpg  used on input line 11.
(pdftex.def)             Requested size: 216.81pt x 274.61938pt.

Package natbib Warning: Citation `icecube_first_pev' on page 1 undefined on inp
ut line 21.


Package natbib Warning: Citation `ligo_short' on page 1 undefined on input line
 21.

[1



]
<figures/messengers_2.png, id=719, 903.375pt x 572.1375pt>
File: figures/messengers_2.png Graphic file (type png)
<use figures/messengers_2.png>
Package pdftex.def Info: figures/messengers_2.png  used on input line 32.
(pdftex.def)             Requested size: 433.62001pt x 274.6316pt.


Package natbib Warning: Citation `Waxmanreview' on page 2 undefined on input li
ne 39.

[2 <./figures/grb_xmas.jpg>] [3 <./figures/messengers_2.png>]
<figures/cosmogenic_2.png, id=749, 506.89375pt x 205.76875pt>
File: figures/cosmogenic_2.png Graphic file (type png)
<use figures/cosmogenic_2.png>
Package pdftex.def Info: figures/cosmogenic_2.png  used on input line 51.
(pdftex.def)             Requested size: 346.89732pt x 140.822pt.
<figures/kneeankle.png, id=750, 762.85pt x 548.0475pt>
File: figures/kneeankle.png Graphic file (type png)
<use figures/kneeankle.png>
Package pdftex.def Info: figures/kneeankle.png  used on input line 55.
(pdftex.def)             Requested size: 346.89732pt x 249.21147pt.
<figures/uhe_process.png, id=751, 906.38625pt x 273.02pt>
File: figures/uhe_process.png Graphic file (type png)
<use figures/uhe_process.png>
Package pdftex.def Info: figures/uhe_process.png  used on input line 62.
(pdftex.def)             Requested size: 433.62001pt x 130.61485pt.


Package natbib Warning: Citation `IClow' on page 4 undefined on input line 76.

[4] [5 <./figures/cosmogenic_2.png> <./figures/kneeankle.png>]
<figures/anita_where_energy.png, id=764, 895.345pt x 545.03625pt>
File: figures/anita_where_energy.png Graphic file (type png)
<use figures/anita_where_energy.png>
Package pdftex.def Info: figures/anita_where_energy.png  used on input line 81.

(pdftex.def)             Requested size: 390.25536pt x 237.57121pt.
 [6 <./figures/uhe_process.png>]

Package natbib Warning: Citation `askaryan' on page 7 undefined on input line 9
7.

<figures/askaryan_in_ice.png, id=781, 989.1354pt x 395.5578pt>
File: figures/askaryan_in_ice.png Graphic file (type png)
<use figures/askaryan_in_ice.png>
Package pdftex.def Info: figures/askaryan_in_ice.png  used on input line 102.
(pdftex.def)             Requested size: 433.62001pt x 173.40617pt.
[7 <./figures/anita_where_energy.png>]
<figures/flights_table.png, id=798, 693.3102pt x 352.1958pt>
File: figures/flights_table.png Graphic file (type png)
<use figures/flights_table.png>
Package pdftex.def Info: figures/flights_table.png  used on input line 117.
(pdftex.def)             Requested size: 433.62001pt x 220.28305pt.
 [8 <./figures/askaryan_in_ice.png>]
<figures/anita_cartoon_updated.png, id=811, 1046.9514pt x 677.4108pt>
File: figures/anita_cartoon_updated.png Graphic file (type png)
<use figures/anita_cartoon_updated.png>
Package pdftex.def Info: figures/anita_cartoon_updated.png  used on input line 
126.
(pdftex.def)             Requested size: 390.25536pt x 252.50897pt.


Package natbib Warning: Citation `arahardware' on page 9 undefined on input lin
e 135.

[9 <./figures/flights_table.png>]

Package natbib Warning: Citation `askaryan' on page 10 undefined on input line 
137.

[10 <./figures/anita_cartoon_updated.png>]) [11]
\openout2 = `chap2.aux'.

 (chap2.tex
Chapter 2.

Package natbib Warning: Citation `tuff' on page 12 undefined on input line 8.

<figures/anita_thesis.jpg, id=866, 2828.5675pt x 2688.0425pt>
File: figures/anita_thesis.jpg Graphic file (type jpg)
<use figures/anita_thesis.jpg>
Package pdftex.def Info: figures/anita_thesis.jpg  used on input line 12.
(pdftex.def)             Requested size: 433.62001pt x 412.04848pt.
<figures/launch_balloon.jpg, id=867, 2717.15125pt x 573.14125pt>
File: figures/launch_balloon.jpg Graphic file (type jpg)
<use figures/launch_balloon.jpg>
Package pdftex.def Info: figures/launch_balloon.jpg  used on input line 20.
(pdftex.def)             Requested size: 433.62001pt x 91.4596pt.
<figures/launch_thesis.jpg, id=868, 1072.005pt x 4179.615pt>
File: figures/launch_thesis.jpg Graphic file (type jpg)
<use figures/launch_thesis.jpg>
Package pdftex.def Info: figures/launch_thesis.jpg  used on input line 31.
(pdftex.def)             Requested size: 104.07118pt x 405.74106pt.
<figures/anita_float_big.jpg, id=869, 2457.18pt x 3276.24pt>
File: figures/anita_float_big.jpg Graphic file (type jpg)
<use figures/anita_float_big.jpg>
Package pdftex.def Info: figures/anita_float_big.jpg  used on input line 36.
(pdftex.def)             Requested size: 303.53267pt x 404.67984pt.
[12



] [13 <./figures/anita_thesis.jpg> <./figures/launch_balloon.jpg>] [14 <./figur
es/launch_thesis.jpg> <./figures/anita_float_big.jpg>]
<figures/anita_antenna_me.jpg, id=897, 2529.45pt x 2717.15125pt>
File: figures/anita_antenna_me.jpg Graphic file (type jpg)
<use figures/anita_antenna_me.jpg>
Package pdftex.def Info: figures/anita_antenna_me.jpg  used on input line 65.
(pdftex.def)             Requested size: 433.62001pt x 465.76541pt.
 [15] [16 <./figures/anita_antenna_me.jpg>]
<figures/beams.jpg, id=932, 3035.34pt x 4047.12pt>
File: figures/beams.jpg Graphic file (type jpg)
<use figures/beams.jpg>
Package pdftex.def Info: figures/beams.jpg  used on input line 103.
(pdftex.def)             Requested size: 225.48425pt x 300.61847pt.
<figures/ampa.jpg, id=933, 5364.04pt x 3017.2725pt>
File: figures/ampa.jpg Graphic file (type jpg)
<use figures/ampa.jpg>
Package pdftex.def Info: figures/ampa.jpg  used on input line 110.
(pdftex.def)             Requested size: 433.62001pt x 243.87288pt.


Package natbib Warning: Citation `tuff' on page 17 undefined on input line 125.


[17 <./figures/beams.jpg>] [18 <./figures/ampa.jpg>] [19]

Package natbib Warning: Citation `tuff' on page 20 undefined on input line 178.


<figures/A4_simple_system.png, id=960, 1232.605pt x 478.78876pt>
File: figures/A4_simple_system.png Graphic file (type png)
<use figures/A4_simple_system.png>
Package pdftex.def Info: figures/A4_simple_system.png  used on input line 183.
(pdftex.def)             Requested size: 433.62001pt x 168.43333pt.

Package natbib Warning: Citation `tuff' on page 20 undefined on input line 184.



Package natbib Warning: Citation `tuff' on page 20 undefined on input line 184.


[20 <./figures/A4_simple_system.png>]
<figures/anita3_threshold_time20_2.pdf, id=977, 569.12625pt x 346.29375pt>
File: figures/anita3_threshold_time20_2.pdf Graphic file (type pdf)
<use figures/anita3_threshold_time20_2.pdf>
Package pdftex.def Info: figures/anita3_threshold_time20_2.pdf  used on input l
ine 218.
(pdftex.def)             Requested size: 433.62001pt x 263.85704pt.
<figures/anita4_threshold_time_2.pdf, id=978, 569.12625pt x 346.29375pt>
File: figures/anita4_threshold_time_2.pdf Graphic file (type pdf)
<use figures/anita4_threshold_time_2.pdf>
Package pdftex.def Info: figures/anita4_threshold_time_2.pdf  used on input lin
e 219.
(pdftex.def)             Requested size: 433.62001pt x 263.85704pt.
 [21] [22 <./figures/anita3_threshold_time20_2.pdf, page is rotated 90 degrees>
 <./figures/anita4_threshold_time_2.pdf, page is rotated 90 degrees>]

Package natbib Warning: Citation `labrador' on page 23 undefined on input line 
275.

[23]

Package natbib Warning: Citation `tuff' on page 24 undefined on input line 316.


[24]
<figures/anita3spectra_wais_replot.pdf, id=1115, 527.37965pt x 409.72604pt>
File: figures/anita3spectra_wais_replot.pdf Graphic file (type pdf)
<use figures/anita3spectra_wais_replot.pdf>
Package pdftex.def Info: figures/anita3spectra_wais_replot.pdf  used on input l
ine 332.
(pdftex.def)             Requested size: 433.62001pt x 336.88405pt.


Package natbib Warning: Citation `milsat' on page 25 undefined on input line 34
4.


Package natbib Warning: Citation `samStaffordThesis' on page 25 undefined on in
put line 345.

[25] [26 <./figures/anita3spectra_wais_replot.pdf>]

Package natbib Warning: Citation `tuff' on page 27 undefined on input line 361.



Package natbib Warning: Citation `instrPaper' on page 27 undefined on input lin
e 375.

<figures/tuff_construction.png, id=1195, 527.9725pt x 374.39874pt>
File: figures/tuff_construction.png Graphic file (type png)
<use figures/tuff_construction.png>
Package pdftex.def Info: figures/tuff_construction.png  used on input line 379.

(pdftex.def)             Requested size: 433.62001pt x 307.48883pt.
[27] [28 <./figures/tuff_construction.png>]
<figures/tuff_case_screws.jpg, id=1212, 5359.02126pt x 1125.20375pt>
File: figures/tuff_case_screws.jpg Graphic file (type jpg)
<use figures/tuff_case_screws.jpg>
Package pdftex.def Info: figures/tuff_case_screws.jpg  used on input line 390.
(pdftex.def)             Requested size: 433.62001pt x 91.03111pt.
<figures/irfcm_thesis.jpg, id=1225, 5364.04pt x 2236.355pt>
File: figures/irfcm_thesis.jpg Graphic file (type jpg)
<use figures/irfcm_thesis.jpg>
Package pdftex.def Info: figures/irfcm_thesis.jpg  used on input line 416.
(pdftex.def)             Requested size: 433.62001pt x 180.75475pt.
 [29 <./figures/tuff_case_screws.jpg>] [30 <./figures/irfcm_thesis.jpg>]
<figures/12measured_model_gain_phase_gd.pdf, id=1252, 890.54141pt x 710.02324pt
>
File: figures/12measured_model_gain_phase_gd.pdf Graphic file (type pdf)
<use figures/12measured_model_gain_phase_gd.pdf>
Package pdftex.def Info: figures/12measured_model_gain_phase_gd.pdf  used on in
put line 495.
(pdftex.def)             Requested size: 433.62001pt x 345.71512pt.
 [31] [32 <./figures/12measured_model_gain_phase_gd.pdf>]

Package natbib Warning: Citation `tuff' on page 33 undefined on input line 539.


[33]
<figures/masking_compare.png, id=1338, 1004.75375pt x 625.33624pt>
File: figures/masking_compare.png Graphic file (type png)
<use figures/masking_compare.png>
Package pdftex.def Info: figures/masking_compare.png  used on input line 543.
(pdftex.def)             Requested size: 433.62001pt x 269.87215pt.
<figures/bag_for_palestine.jpg, id=1339, 3585.395pt x 3017.2725pt>
File: figures/bag_for_palestine.jpg Graphic file (type jpg)
<use figures/bag_for_palestine.jpg>
Package pdftex.def Info: figures/bag_for_palestine.jpg  used on input line 550.

(pdftex.def)             Requested size: 433.62001pt x 364.91154pt.
) [34 <./figures/masking_compare.png>] [35 <./figures/bag_for_palestine.jpg>]
\openout2 = `chap3.aux'.

 (chap3.tex
Chapter 3.

Package natbib Warning: Citation `brianDaileyThesis' on page 36 undefined on in
put line 7.


Package natbib Warning: Citation `samStaffordThesis' on page 36 undefined on in
put line 7.


Package natbib Warning: Citation `jacobGordonThesis' on page 36 undefined on in
put line 7.


Package natbib Warning: Citation `anita1' on page 36 undefined on input line 23
.


Package natbib Warning: Citation `anita2' on page 36 undefined on input line 23
.

[36



]

Package natbib Warning: Citation `diffuse' on page 37 undefined on input line 3
3.


Package natbib Warning: Citation `kotera' on page 37 undefined on input line 34
.


Package natbib Warning: Citation `brianDaileyThesis' on page 37 undefined on in
put line 39.


Package natbib Warning: Citation `samStaffordThesis' on page 37 undefined on in
put line 39.


Package natbib Warning: Citation `jacobGordonThesis' on page 37 undefined on in
put line 39.

[37]
<figures/ben_clustering.png, id=1376, 788.9475pt x 651.43375pt>
File: figures/ben_clustering.png Graphic file (type png)
<use figures/ben_clustering.png>
Package pdftex.def Info: figures/ben_clustering.png  used on input line 43.
(pdftex.def)             Requested size: 433.62001pt x 358.04115pt.


Package natbib Warning: Citation `diffuse' on page 38 undefined on input line 4
4.


Package natbib Warning: Citation `diffuse' on page 38 undefined on input line 4
4.


Package natbib Warning: Citation `healpix' on page 38 undefined on input line 5
1.

[38 <./figures/ben_clustering.png>]
<figures/healPixMapSimFinal.png, id=1393, 999.735pt x 774.895pt>
File: figures/healPixMapSimFinal.png Graphic file (type png)
<use figures/healPixMapSimFinal.png>
Package pdftex.def Info: figures/healPixMapSimFinal.png  used on input line 73.

(pdftex.def)             Requested size: 312.20692pt x 241.98856pt.
<figures/binned.png, id=1394, 754.82pt x 630.355pt>
File: figures/binned.png Graphic file (type png)
<use figures/binned.png>
Package pdftex.def Info: figures/binned.png  used on input line 77.
(pdftex.def)             Requested size: 312.20692pt x 260.72679pt.
 [39] [40 <./figures/healPixMapSimFinal.png> <./figures/binned.png>]

Package natbib Warning: Citation `anita2' on page 41 undefined on input line 95
.

<figures/efficiencyA2_2.pdf, id=1411, 569.12625pt x 455.7025pt>
File: figures/efficiencyA2_2.pdf Graphic file (type pdf)
<use figures/efficiencyA2_2.pdf>
Package pdftex.def Info: figures/efficiencyA2_2.pdf  used on input line 101.
(pdftex.def)             Requested size: 303.53267pt x 243.05092pt.

Package natbib Warning: Citation `anita2' on page 41 undefined on input line 10
2.


Package natbib Warning: Citation `anita2' on page 41 undefined on input line 10
2.


Package natbib Warning: Citation `brianDaileyThesis' on page 41 undefined on in
put line 111.


Package natbib Warning: Citation `samStaffordThesis' on page 41 undefined on in
put line 111.


Package natbib Warning: Citation `jacobGordonThesis' on page 41 undefined on in
put line 111.

[41] [42 <./figures/efficiencyA2_2.pdf>] [43]

Package natbib Warning: Citation `samStaffordThesis' on page 44 undefined on in
put line 154.

[44]

Package natbib Warning: Citation `samStaffordThesis' on page 45 undefined on in
put line 180.

[45]

Package natbib Warning: Citation `samStaffordThesis' on page 46 undefined on in
put line 196.


Package natbib Warning: Citation `samStaffordThesis' on page 46 undefined on in
put line 201.

[46]

Package natbib Warning: Citation `samStaffordThesis' on page 47 undefined on in
put line 211.


Package natbib Warning: Citation `diffuse' on page 47 undefined on input line 2
13.


Package natbib Warning: Citation `brianDaileyThesis' on page 47 undefined on in
put line 213.


Package natbib Warning: Citation `samStaffordThesis' on page 47 undefined on in
put line 213.


Package natbib Warning: Citation `jacobGordonThesis' on page 47 undefined on in
put line 213.

<figures/oindreeCorrSnrHist02970_175_439_V.pdf, id=1505, 430.60875pt x 354.3237
5pt>
File: figures/oindreeCorrSnrHist02970_175_439_V.pdf Graphic file (type pdf)
<use figures/oindreeCorrSnrHist02970_175_439_V.pdf>
Package pdftex.def Info: figures/oindreeCorrSnrHist02970_175_439_V.pdf  used on
 input line 224.
(pdftex.def)             Requested size: 281.85036pt x 231.92426pt.
<figures/diffPlotVBin2970.pdf, id=1506, 259.97125pt x 259.97125pt>
File: figures/diffPlotVBin2970.pdf Graphic file (type pdf)
<use figures/diffPlotVBin2970.pdf>
Package pdftex.def Info: figures/diffPlotVBin2970.pdf  used on input line 226.
(pdftex.def)             Requested size: 281.85036pt x 281.85167pt.

Package natbib Warning: Citation `samStaffordThesis' on page 47 undefined on in
put line 235.


Package natbib Warning: Citation `jacobGordonThesis' on page 47 undefined on in
put line 235.


Package natbib Warning: Citation `samStaffordThesis' on page 47 undefined on in
put line 240.


Package natbib Warning: Citation `jacobGordonThesis' on page 47 undefined on in
put line 240.

[47] [48 <./figures/oindreeCorrSnrHist02970_175_439_V.pdf> <./figures/diffPlotV
Bin2970.pdf>] [49]
<figures/bin3045_summary.png, id=1650, 658.6206pt x 314.6154pt>
File: figures/bin3045_summary.png Graphic file (type png)
<use figures/bin3045_summary.png>
Package pdftex.def Info: figures/bin3045_summary.png  used on input line 259.
(pdftex.def)             Requested size: 433.62001pt x 207.14273pt.
<figures/bumps_a2_full_flight.png, id=1651, 590.6868pt x 457.71pt>
File: figures/bumps_a2_full_flight.png Graphic file (type png)
<use figures/bumps_a2_full_flight.png>
Package pdftex.def Info: figures/bumps_a2_full_flight.png  used on input line 2
69.
(pdftex.def)             Requested size: 346.89732pt x 268.81038pt.
<figures/fullflightrealTimeFFT.png, id=1652, 999.735pt x 774.895pt>
File: figures/fullflightrealTimeFFT.png Graphic file (type png)
<use figures/fullflightrealTimeFFT.png>
Package pdftex.def Info: figures/fullflightrealTimeFFT.png  used on input line 
274.
(pdftex.def)             Requested size: 346.89732pt x 268.87617pt.
 [50 <./figures/bin3045_summary.png>] [51 <./figures/bumps_a2_full_flight.png> 
<./figures/fullflightrealTimeFFT.png>]
<figures/bin3045_3passes.png, id=1676, 819.06pt x 603.25375pt>
File: figures/bin3045_3passes.png Graphic file (type png)
<use figures/bin3045_3passes.png>
Package pdftex.def Info: figures/bin3045_3passes.png  used on input line 288.
(pdftex.def)             Requested size: 346.89732pt x 255.50038pt.
<figures/bin3045realTimeFFTJan8.png, id=1677, 999.735pt x 774.895pt>
File: figures/bin3045realTimeFFTJan8.png Graphic file (type png)
<use figures/bin3045realTimeFFTJan8.png>
Package pdftex.def Info: figures/bin3045realTimeFFTJan8.png  used on input line
 296.
(pdftex.def)             Requested size: 346.89732pt x 268.87617pt.
 [52 <./figures/bin3045_3passes.png>] [53 <./figures/bin3045realTimeFFTJan8.png
>]

Package natbib Warning: Citation `samStaffordThesis' on page 54 undefined on in
put line 326.

[54]
<figures/bin3045EventsCpolMaps.png, id=1724, 1124.2pt x 648.4225pt>
File: figures/bin3045EventsCpolMaps.png Graphic file (type png)
<use figures/bin3045EventsCpolMaps.png>
Package pdftex.def Info: figures/bin3045EventsCpolMaps.png  used on input line 
330.
(pdftex.def)             Requested size: 433.62001pt x 250.1035pt.
<figures/A2StripesSatInserted.png, id=1725, 677.4108pt x 564.6696pt>
File: figures/A2StripesSatInserted.png Graphic file (type png)
<use figures/A2StripesSatInserted.png>
Package pdftex.def Info: figures/A2StripesSatInserted.png  used on input line 3
37.
(pdftex.def)             Requested size: 433.62001pt x 361.44762pt.
<figures/same_stripes.png, id=1726, 1088.065pt x 434.62375pt>
File: figures/same_stripes.png Graphic file (type png)
<use figures/same_stripes.png>
Package pdftex.def Info: figures/same_stripes.png  used on input line 344.
(pdftex.def)             Requested size: 433.62001pt x 173.20976pt.
 [55 <./figures/bin3045EventsCpolMaps.png>] [56 <./figures/A2StripesSatInserted
.png> <./figures/same_stripes.png>] [57]
<figures/phi_dist_thesis.png, id=1756, 727.71875pt x 596.2275pt>
File: figures/phi_dist_thesis.png Graphic file (type png)
<use figures/phi_dist_thesis.png>
Package pdftex.def Info: figures/phi_dist_thesis.png  used on input line 392.
(pdftex.def)             Requested size: 346.89732pt x 284.22084pt.


Package natbib Warning: Citation `diffuse' on page 58 undefined on input line 3
97.


Package natbib Warning: Citation `jacobGordonThesis' on page 58 undefined on in
put line 397.

[58 <./figures/phi_dist_thesis.png>] [59] [60] [61]) [62]
\openout2 = `chap4.aux'.

 (chap4.tex
Chapter 4.

Package natbib Warning: Citation `diffuse' on page 63 undefined on input line 5
.

<figures/candidates.png, id=1823, 687.56876pt x 648.4225pt>
File: figures/candidates.png Graphic file (type png)
<use figures/candidates.png>
Package pdftex.def Info: figures/candidates.png  used on input line 15.
(pdftex.def)             Requested size: 260.17465pt x 245.35432pt.

Package natbib Warning: Citation `diffuse' on page 63 undefined on input line 1
6.


Package natbib Warning: Citation `diffuse' on page 63 undefined on input line 1
6.

<figures/limit_diffuse.png, id=1824, 617.30624pt x 603.25375pt>
File: figures/limit_diffuse.png Graphic file (type png)
<use figures/limit_diffuse.png>
Package pdftex.def Info: figures/limit_diffuse.png  used on input line 19.
(pdftex.def)             Requested size: 277.51654pt x 271.20393pt.

! Package inputenc Error: Unicode character  (U+B1)
(inputenc)                not set up for use with LaTeX.

See the inputenc package documentation for explanation.
Type  H <return>  for immediate help.
 ...                                              
                                                  
l.26 ... estimate quoted in the paper was: $0.7 
                                                   ^{+0.5}_{-0.3}$, therefor...

You may provide a definition with
\DeclareUnicodeCharacter 

[63



] [64 <./figures/candidates.png> <./figures/limit_diffuse.png>]

Package natbib Warning: Citation `samStaffordThesis' on page 65 undefined on in
put line 30.


Package natbib Warning: Citation `jacobGordonThesis' on page 65 undefined on in
put line 30.


Package natbib Warning: Citation `samStaffordThesis' on page 65 undefined on in
put line 31.


Package natbib Warning: Citation `jacobGordonThesis' on page 65 undefined on in
put line 32.


Package natbib Warning: Citation `brianDaileyThesis' on page 65 undefined on in
put line 33.


Package natbib Warning: Citation `samStaffordThesis' on page 65 undefined on in
put line 33.

<figures/expo_fixed.png, id=1850, 1037.8775pt x 492.84125pt>
File: figures/expo_fixed.png Graphic file (type png)
<use figures/expo_fixed.png>
Package pdftex.def Info: figures/expo_fixed.png  used on input line 41.
(pdftex.def)             Requested size: 433.62001pt x 205.909pt.
[65] [66 <./figures/expo_fixed.png>]
<figures/high_bg_kept.png, id=1865, 589.20125pt x 570.13pt>
File: figures/high_bg_kept.png Graphic file (type png)
<use figures/high_bg_kept.png>
Package pdftex.def Info: figures/high_bg_kept.png  used on input line 61.
(pdftex.def)             Requested size: 281.85036pt x 272.72845pt.

Underfull \hbox (badness 10000) in paragraph at lines 70--71

 []

[67 <./figures/high_bg_kept.png>] [68]
<figures/background_simpassing_vpol_bins.pdf, id=1891, 857.2025pt x 305.14pt>
File: figures/background_simpassing_vpol_bins.pdf Graphic file (type pdf)
<use figures/background_simpassing_vpol_bins.pdf>
Package pdftex.def Info: figures/background_simpassing_vpol_bins.pdf  used on i
nput line 108.
(pdftex.def)             Requested size: 433.62001pt x 154.35753pt.
<figures/LDcutVsEventPopulationBeforeFinalCuts.png, id=1892, 1237.2624pt x 380.
622pt>
File: figures/LDcutVsEventPopulationBeforeFinalCuts.png Graphic file (type png)

<use figures/LDcutVsEventPopulationBeforeFinalCuts.png>
Package pdftex.def Info: figures/LDcutVsEventPopulationBeforeFinalCuts.png  use
d on input line 116.
(pdftex.def)             Requested size: 433.62001pt x 133.39392pt.


Package natbib Warning: Citation `diffuse' on page 69 undefined on input line 1
24.

[69 <./figures/background_simpassing_vpol_bins.pdf> <./figures/LDcutVsEventPopu
lationBeforeFinalCuts.png>]
<figures/CRtemplate.png, id=1947, 934.49126pt x 732.7375pt>
File: figures/CRtemplate.png Graphic file (type png)
<use figures/CRtemplate.png>
Package pdftex.def Info: figures/CRtemplate.png  used on input line 139.
(pdftex.def)             Requested size: 433.62001pt x 340.00386pt.


Package natbib Warning: Citation `me2' on page 70 undefined on input line 140.


Package natbib Warning: Citation `me2' on page 70 undefined on input line 140.

[70] [71 <./figures/CRtemplate.png>]

Package natbib Warning: Citation `me2' on page 72 undefined on input line 151.


Package natbib Warning: Citation `diffuse' on page 72 undefined on input line 1
64.

[72]
<figures/48837708.png, id=1998, 1183.42125pt x 799.98875pt>
File: figures/48837708.png Graphic file (type png)
<use figures/48837708.png>
Package pdftex.def Info: figures/48837708.png  used on input line 199.
(pdftex.def)             Requested size: 390.25536pt x 263.80179pt.


Package natbib Warning: Citation `diffuse' on page 73 undefined on input line 2
00.


Package natbib Warning: Citation `diffuse' on page 73 undefined on input line 2
00.

<figures/56038445.png, id=1999, 1177.39874pt x 790.955pt>
File: figures/56038445.png Graphic file (type png)
<use figures/56038445.png>
Package pdftex.def Info: figures/56038445.png  used on input line 207.
(pdftex.def)             Requested size: 390.25536pt x 262.1625pt.

Package natbib Warning: Citation `diffuse' on page 73 undefined on input line 2
08.


Package natbib Warning: Citation `diffuse' on page 73 undefined on input line 2
08.

[73] [74 <./figures/48837708.png> <./figures/56038445.png>] [75] [76] [77]

Package natbib Warning: Citation `diffuse' on page 78 undefined on input line 4
95.

[78] [79] [80] [81]

Package natbib Warning: Citation `kotera' on page 82 undefined on input line 51
7.

[82]

Package natbib Warning: Citation `anita2' on page 83 undefined on input line 52
8.

<figures/clusterSizeVsMultiplicity.png, id=2106, 999.735pt x 774.895pt>
File: figures/clusterSizeVsMultiplicity.png Graphic file (type png)
<use figures/clusterSizeVsMultiplicity.png>
Package pdftex.def Info: figures/clusterSizeVsMultiplicity.png  used on input l
ine 540.
(pdftex.def)             Requested size: 433.62001pt x 336.09521pt.
[83]
<figures/clusterMultiplicityVsEventPopulationBeforeFinalCuts.png, id=2111, 1454
.0724pt x 423.5022pt>
File: figures/clusterMultiplicityVsEventPopulationBeforeFinalCuts.png Graphic f
ile (type png)
<use figures/clusterMultiplicityVsEventPopulationBeforeFinalCuts.png>
Package pdftex.def Info: figures/clusterMultiplicityVsEventPopulationBeforeFina
lCuts.png  used on input line 548.
(pdftex.def)             Requested size: 433.62001pt x 126.2891pt.


Package natbib Warning: Citation `diffuse' on page 84 undefined on input line 5
55.

[84 <./figures/clusterSizeVsMultiplicity.png>] [85 <./figures/clusterMultiplici
tyVsEventPopulationBeforeFinalCuts.png>] [86]
<figures/77213197.png, id=2144, 1185.42876pt x 816.04875pt>
File: figures/77213197.png Graphic file (type png)
<use figures/77213197.png>
Package pdftex.def Info: figures/77213197.png  used on input line 580.
(pdftex.def)             Requested size: 433.62001pt x 298.4966pt.
<figures/PCs.png, id=2145, 930.47626pt x 617.30624pt>
File: figures/PCs.png Graphic file (type png)
<use figures/PCs.png>
Package pdftex.def Info: figures/PCs.png  used on input line 587.
(pdftex.def)             Requested size: 433.62001pt x 287.67552pt.
<figures/pca_plot.png, id=2146, 1445.4pt x 903.375pt>
File: figures/pca_plot.png Graphic file (type png)
<use figures/pca_plot.png>
Package pdftex.def Info: figures/pca_plot.png  used on input line 594.
(pdftex.def)             Requested size: 433.62001pt x 271.01459pt.
<figures/pca_variances.png, id=2147, 1370.11874pt x 782.925pt>
File: figures/pca_variances.png Graphic file (type png)
<use figures/pca_variances.png>
Package pdftex.def Info: figures/pca_variances.png  used on input line 595.
(pdftex.def)             Requested size: 433.62001pt x 247.78148pt.
<figures/bottom_left_ex.png, id=2148, 1174.3875pt x 788.9475pt>
File: figures/bottom_left_ex.png Graphic file (type png)
<use figures/bottom_left_ex.png>
Package pdftex.def Info: figures/bottom_left_ex.png  used on input line 603.
(pdftex.def)             Requested size: 390.25536pt x 262.17126pt.
<figures/tail_event_ex.png, id=2149, 1175.39125pt x 785.93625pt>
File: figures/tail_event_ex.png Graphic file (type png)
<use figures/tail_event_ex.png>
Package pdftex.def Info: figures/tail_event_ex.png  used on input line 604.
(pdftex.def)             Requested size: 390.25536pt x 260.94276pt.
<figures/kneePlotWithBlastsOverlaid.png, id=2150, 1418.29875pt x 833.1125pt>
File: figures/kneePlotWithBlastsOverlaid.png Graphic file (type png)
<use figures/kneePlotWithBlastsOverlaid.png>
Package pdftex.def Info: figures/kneePlotWithBlastsOverlaid.png  used on input 
line 612.
(pdftex.def)             Requested size: 433.62001pt x 254.70277pt.
<figures/pca_variances_new.png, id=2151, 855.195pt x 835.12pt>
File: figures/pca_variances_new.png Graphic file (type png)
<use figures/pca_variances_new.png>
Package pdftex.def Info: figures/pca_variances_new.png  used on input line 620.

(pdftex.def)             Requested size: 433.62001pt x 423.43344pt.
) [87 <./figures/77213197.png>]
[88 <./figures/PCs.png>] [89 <./figures/pca_plot.png> <./figures/pca_variances.
png>] [90 <./figures/bottom_left_ex.png> <./figures/tail_event_ex.png>]
[91 <./figures/kneePlotWithBlastsOverlaid.png>] [92 <./figures/pca_variances_ne
w.png>]
\openout2 = `chap5.aux'.

 (chap5.tex
Chapter 5.

Package natbib Warning: Citation `Meszaros' on page 93 undefined on input line 
6.


Package natbib Warning: Citation `MBthesis' on page 93 undefined on input line 
6.


Package natbib Warning: Citation `Meszaros' on page 93 undefined on input line 
12.


Package natbib Warning: Citation `ligo_short' on page 93 undefined on input lin
e 14.

[93



]

Package natbib Warning: Citation `Waxmanreview' on page 94 undefined on input l
ine 17.


Package natbib Warning: Citation `firstcalc' on page 94 undefined on input line
 17.

<figures/grb_emission.png, id=2206, 897.3525pt x 592.2125pt>
File: figures/grb_emission.png Graphic file (type png)
<use figures/grb_emission.png>
Package pdftex.def Info: figures/grb_emission.png  used on input line 26.
(pdftex.def)             Requested size: 433.62001pt x 286.16545pt.

Package natbib Warning: Citation `longhardgrb' on page 94 undefined on input li
ne 31.

[94] [95 <./figures/grb_emission.png>]

Package natbib Warning: Citation `longhardgrb' on page 96 undefined on input li
ne 54.


Package natbib Warning: Citation `fermishorthardgrb' on page 96 undefined on in
put line 54.


Package natbib Warning: Citation `Waxmanreview' on page 96 undefined on input l
ine 54.


Package natbib Warning: Citation `Meszaros' on page 96 undefined on input line 
56.

[96]
<figures/grb_hadronic.png, id=2241, 438.63875pt x 613.29124pt>
File: figures/grb_hadronic.png Graphic file (type png)
<use figures/grb_hadronic.png>
Package pdftex.def Info: figures/grb_hadronic.png  used on input line 62.
(pdftex.def)             Requested size: 346.89732pt x 485.02817pt.


Package natbib Warning: Citation `Waxmanreview' on page 97 undefined on input l
ine 70.


Package natbib Warning: Citation `firstcalc' on page 97 undefined on input line
 70.


Package natbib Warning: Citation `WBub' on page 97 undefined on input line 70.


Package natbib Warning: Citation `afterglows' on page 97 undefined on input lin
e 70.


Package natbib Warning: Citation `ubrobust' on page 97 undefined on input line 
70.


Package natbib Warning: Citation `firstcalc' on page 97 undefined on input line
 79.


Package natbib Warning: Citation `firstcalc' on page 97 undefined on input line
 79.


Package natbib Warning: Citation `WBub' on page 97 undefined on input line 79.


Package natbib Warning: Citation `afterglows' on page 97 undefined on input lin
e 79.


Package natbib Warning: Citation `ubrobust' on page 97 undefined on input line 
79.


Package natbib Warning: Citation `WBub' on page 97 undefined on input line 79.


Package natbib Warning: Citation `ubrobust' on page 97 undefined on input line 
79.


Package natbib Warning: Citation `firstcalc' on page 97 undefined on input line
 85.

[97] [98 <./figures/grb_hadronic.png>]

Package natbib Warning: Citation `firstcalc' on page 99 undefined on input line
 92.


Package natbib Warning: Citation `WBub' on page 99 undefined on input line 92.


Package natbib Warning: Citation `afterglows' on page 99 undefined on input lin
e 92.


Package natbib Warning: Citation `ubrobust' on page 99 undefined on input line 
92.


Package natbib Warning: Citation `firstcalc' on page 99 undefined on input line
 97.


Package natbib Warning: Citation `WBub' on page 99 undefined on input line 97.

[99]

Package natbib Warning: Citation `afterglows' on page 100 undefined on input li
ne 103.


Package natbib Warning: Citation `ubrobust' on page 100 undefined on input line
 103.

[100]

Package natbib Warning: Citation `anita_grb' on page 101 undefined on input lin
e 117.


Package natbib Warning: Citation `anita_grb' on page 101 undefined on input lin
e 119.

[101]
<figures/anitaresult.PNG, id=2307, 757.83125pt x 401.5pt>
File: figures/anitaresult.PNG Graphic file (type png)
<use figures/anitaresult.PNG>
Package pdftex.def Info: figures/anitaresult.PNG  used on input line 131.
(pdftex.def)             Requested size: 433.62001pt x 229.73344pt.


Package natbib Warning: Citation `anita_grb' on page 102 undefined on input lin
e 132.


Package natbib Warning: Citation `IC2012' on page 102 undefined on input line 1
32.


Package natbib Warning: Citation `guetta' on page 102 undefined on input line 1
32.


Package natbib Warning: Citation `anita_grb' on page 102 undefined on input lin
e 132.


Package natbib Warning: Citation `anita_grb' on page 102 undefined on input lin
e 132.


Package natbib Warning: Citation `IC2012' on page 102 undefined on input line 1
32.


Package natbib Warning: Citation `guetta' on page 102 undefined on input line 1
32.


Package natbib Warning: Citation `anita_grb' on page 102 undefined on input lin
e 132.

[102] [103 <./figures/anitaresult.PNG>]

Package natbib Warning: Citation `araproto' on page 104 undefined on input line
 145.


Package natbib Warning: Citation `arahardware' on page 104 undefined on input l
ine 145.


Package natbib Warning: Citation `neucosma1' on page 104 undefined on input lin
e 149.


Package natbib Warning: Citation `neucosma2' on page 104 undefined on input lin
e 149.


Package natbib Warning: Citation `araproto' on page 104 undefined on input line
 149.

[104]

Package natbib Warning: Citation `araproto' on page 105 undefined on input line
 154.

<figures/ara_limit.png, id=2364, 480.29437pt x 335.2525pt>
File: figures/ara_limit.png Graphic file (type png)
<use figures/ara_limit.png>
Package pdftex.def Info: figures/ara_limit.png  used on input line 158.
(pdftex.def)             Requested size: 346.89732pt x 242.14383pt.

Package natbib Warning: Citation `araproto' on page 105 undefined on input line
 160.


Package natbib Warning: Citation `araproto' on page 105 undefined on input line
 160.

<figures/ara_quasi_diffuse_limits.png, id=2371, 472.76625pt x 332.74312pt>
File: figures/ara_quasi_diffuse_limits.png Graphic file (type png)
<use figures/ara_quasi_diffuse_limits.png>
Package pdftex.def Info: figures/ara_quasi_diffuse_limits.png  used on input li
ne 163.
(pdftex.def)             Requested size: 346.89732pt x 244.1596pt.

Package natbib Warning: Citation `araproto' on page 105 undefined on input line
 165.


Package natbib Warning: Citation `IC2012' on page 105 undefined on input line 1
65.


Package natbib Warning: Citation `antaresmuon' on page 105 undefined on input l
ine 165.


Package natbib Warning: Citation `araproto' on page 105 undefined on input line
 165.


Package natbib Warning: Citation `IC2012' on page 105 undefined on input line 1
65.


Package natbib Warning: Citation `antaresmuon' on page 105 undefined on input l
ine 165.


Package natbib Warning: Citation `afterglows' on page 105 undefined on input li
ne 172.


Package natbib Warning: Citation `kohta' on page 105 undefined on input line 17
3.

[105] [106 <./figures/ara_limit.png> <./figures/ara_quasi_diffuse_limits.png>]
<figures/mauricio_plot.pdf, id=2400, 675.38419pt x 662.97804pt>
File: figures/mauricio_plot.pdf Graphic file (type pdf)
<use figures/mauricio_plot.pdf>
Package pdftex.def Info: figures/mauricio_plot.pdf  used on input line 182.
(pdftex.def)             Requested size: 433.62001pt x 425.64996pt.
) [107] [108 <./figures/mauricio_plot.pdf>]
\openout2 = `chap6.aux'.

 (chap6.tex
Chapter 6.
[109



]

Package natbib Warning: Citation `me2' on page 110 undefined on input line 180.



Package natbib Warning: Citation `me2' on page 110 undefined on input line 181.


[110] [111] [112] [113]

Package natbib Warning: Citation `me1' on page 114 undefined on input line 204.



Package natbib Warning: Citation `me2' on page 114 undefined on input line 204.


[114]
<figures/koteraMarch30_acos_nuDir2_weighted.png, id=2544, 1202.99437pt x 809.27
344pt>
File: figures/koteraMarch30_acos_nuDir2_weighted.png Graphic file (type png)
<use figures/koteraMarch30_acos_nuDir2_weighted.png>
Package pdftex.def Info: figures/koteraMarch30_acos_nuDir2_weighted.png  used o
n input line 210.
(pdftex.def)             Requested size: 346.89732pt x 233.362pt.
 [115 <./figures/koteraMarch30_acos_nuDir2_weighted.png>]
<figures/reduced_ld.png, id=2559, 406.6392pt x 406.6392pt>
File: figures/reduced_ld.png Graphic file (type png)
<use figures/reduced_ld.png>
Package pdftex.def Info: figures/reduced_ld.png  used on input line 236.
(pdftex.def)             Requested size: 390.25536pt x 390.26372pt.
 [116] [117 <./figures/reduced_ld.png>]
<figures/getting_nnu_rf.png, id=2588, 688.0104pt x 510.708pt>
File: figures/getting_nnu_rf.png Graphic file (type png)
<use figures/getting_nnu_rf.png>
Package pdftex.def Info: figures/getting_nnu_rf.png  used on input line 256.
(pdftex.def)             Requested size: 346.89732pt x 257.49637pt.
<figures/rf_nnu_perp.png, id=2589, 601.7682pt x 499.6266pt>
File: figures/rf_nnu_perp.png Graphic file (type png)
<use figures/rf_nnu_perp.png>
Package pdftex.def Info: figures/rf_nnu_perp.png  used on input line 258.
(pdftex.def)             Requested size: 346.89732pt x 288.02255pt.
<figures/phidiff_vs_thetadiff.png, id=2593, 803.0pt x 702.625pt>
File: figures/phidiff_vs_thetadiff.png Graphic file (type png)
<use figures/phidiff_vs_thetadiff.png>
Package pdftex.def Info: figures/phidiff_vs_thetadiff.png  used on input line 2
69.
(pdftex.def)             Requested size: 390.25536pt x 341.4803pt.
 [118] [119 <./figures/getting_nnu_rf.png> <./figures/rf_nnu_perp.png>] [120 <.
/figures/phidiff_vs_thetadiff.png>] [121] [122]

Package natbib Warning: Citation `brianDaileyThesis' on page 123 undefined on i
nput line 313.


Package natbib Warning: Citation `samStaffordThesis' on page 123 undefined on i
nput line 313.


Package natbib Warning: Citation `jacobGordonThesis' on page 123 undefined on i
nput line 313.

[123] [124]
<figures/cutValHistH03034.png, id=2675, 447.6725pt x 423.5825pt>
File: figures/cutValHistH03034.png Graphic file (type png)
<use figures/cutValHistH03034.png>
Package pdftex.def Info: figures/cutValHistH03034.png  used on input line 385.
(pdftex.def)             Requested size: 216.81pt x 205.14641pt.
<figures/cutValHistH03047.png, id=2676, 447.6725pt x 423.5825pt>
File: figures/cutValHistH03047.png Graphic file (type png)
<use figures/cutValHistH03047.png>
Package pdftex.def Info: figures/cutValHistH03047.png  used on input line 387.
(pdftex.def)             Requested size: 216.81pt x 205.14641pt.
<figures/cutValHistH03050.png, id=2677, 447.6725pt x 423.5825pt>
File: figures/cutValHistH03050.png Graphic file (type png)
<use figures/cutValHistH03050.png>
Package pdftex.def Info: figures/cutValHistH03050.png  used on input line 389.
(pdftex.def)             Requested size: 216.81pt x 205.14641pt.


LaTeX Warning: Float too large for page by 11.00922pt on input line 392.

<figures/cutValHistV03010.png, id=2678, 447.6725pt x 423.5825pt>
File: figures/cutValHistV03010.png Graphic file (type png)
<use figures/cutValHistV03010.png>
Package pdftex.def Info: figures/cutValHistV03010.png  used on input line 398.
(pdftex.def)             Requested size: 212.47618pt x 201.04866pt.
<figures/cutValHistV03015.png, id=2679, 447.6725pt x 423.5825pt>
File: figures/cutValHistV03015.png Graphic file (type png)
<use figures/cutValHistV03015.png>
Package pdftex.def Info: figures/cutValHistV03015.png  used on input line 400.
(pdftex.def)             Requested size: 212.47618pt x 201.04866pt.
<figures/cutValHistV03018.png, id=2680, 447.6725pt x 423.5825pt>
File: figures/cutValHistV03018.png Graphic file (type png)
<use figures/cutValHistV03018.png>
Package pdftex.def Info: figures/cutValHistV03018.png  used on input line 402.
(pdftex.def)             Requested size: 212.47618pt x 201.04866pt.
<figures/cutValHistV03036.png, id=2681, 447.6725pt x 423.5825pt>
File: figures/cutValHistV03036.png Graphic file (type png)
<use figures/cutValHistV03036.png>
Package pdftex.def Info: figures/cutValHistV03036.png  used on input line 404.
(pdftex.def)             Requested size: 212.47618pt x 201.04866pt.
[125] [126 <./figures/cutValHistH03034.png> <./figures/cutValHistH03047.png> <.
/figures/cutValHistH03050.png>] [127 <./figures/cutValHistV03010.png> <./figure
s/cutValHistV03015.png> <./figures/cutValHistV03018.png> <./figures/cutValHistV
03036.png>] [128] [129] [130] [131]
<figures/icemc_first_continues.png, id=2753, 309.155pt x 477.785pt>
File: figures/icemc_first_continues.png Graphic file (type png)
<use figures/icemc_first_continues.png>
Package pdftex.def Info: figures/icemc_first_continues.png  used on input line 
549.
(pdftex.def)             Requested size: 346.89732pt x 536.15808pt.
 [132] [133 <./figures/icemc_first_continues.png>]
<figures/source_test_using_nnu-100.png, id=2772, 901.3675pt x 777.90625pt>
File: figures/source_test_using_nnu-100.png Graphic file (type png)
<use figures/source_test_using_nnu-100.png>
Package pdftex.def Info: figures/source_test_using_nnu-100.png  used on input l
ine 572.
(pdftex.def)             Requested size: 212.47618pt x 183.36588pt.
<figures/source_test_using_nnu100.png, id=2773, 901.3675pt x 777.90625pt>
File: figures/source_test_using_nnu100.png Graphic file (type png)
<use figures/source_test_using_nnu100.png>
Package pdftex.def Info: figures/source_test_using_nnu100.png  used on input li
ne 574.
(pdftex.def)             Requested size: 212.47618pt x 183.36588pt.
<figures/source_test_using_nnu100_time_cut_6hrs.png, id=2774, 901.3675pt x 777.
90625pt>
File: figures/source_test_using_nnu100_time_cut_6hrs.png Graphic file (type png
)
<use figures/source_test_using_nnu100_time_cut_6hrs.png>
Package pdftex.def Info: figures/source_test_using_nnu100_time_cut_6hrs.png  us
ed on input line 576.
(pdftex.def)             Requested size: 212.47618pt x 183.36588pt.
<figures/chance_leftside_left.png, id=2776, 901.3675pt x 776.9025pt>
File: figures/chance_leftside_left.png Graphic file (type png)
<use figures/chance_leftside_left.png>
Package pdftex.def Info: figures/chance_leftside_left.png  used on input line 5
87.
(pdftex.def)             Requested size: 212.47618pt x 183.12927pt.
<figures/chance_leftside_right.png, id=2777, 901.3675pt x 776.9025pt>
File: figures/chance_leftside_right.png Graphic file (type png)
<use figures/chance_leftside_right.png>
Package pdftex.def Info: figures/chance_leftside_right.png  used on input line 
589.
(pdftex.def)             Requested size: 212.47618pt x 183.12927pt.
<figures/taper_viewangle_left.png, id=2778, 901.3675pt x 776.9025pt>
File: figures/taper_viewangle_left.png Graphic file (type png)
<use figures/taper_viewangle_left.png>
Package pdftex.def Info: figures/taper_viewangle_left.png  used on input line 5
91.
(pdftex.def)             Requested size: 212.47618pt x 183.12927pt.
<figures/taper_viewangle_right.png, id=2779, 901.3675pt x 776.9025pt>
File: figures/taper_viewangle_right.png Graphic file (type png)
<use figures/taper_viewangle_right.png>
Package pdftex.def Info: figures/taper_viewangle_right.png  used on input line 
593.
(pdftex.def)             Requested size: 212.47618pt x 183.12927pt.
) [134] [135 <./figures/source_test_using_nnu-100.png> <./figures/source_test_u
sing_nnu100.png> <./figures/source_test_using_nnu100_time_cut_6hrs.png>]
[136 <./figures/chance_leftside_left.png> <./figures/chance_leftside_right.png>
 <./figures/taper_viewangle_left.png> <./figures/taper_viewangle_right.png>]
\openout2 = `chap7.aux'.


(chap7.tex
Chapter 7.
<figures/anita_cartoon_me.png, id=2817, 891.33pt x 532.99126pt>
File: figures/anita_cartoon_me.png Graphic file (type png)
<use figures/anita_cartoon_me.png>
Package pdftex.def Info: figures/anita_cartoon_me.png  used on input line 18.
(pdftex.def)             Requested size: 433.62001pt x 259.29745pt.
[137



]

Package natbib Warning: Citation `me1' on page 138 undefined on input line 25.


Package natbib Warning: Citation `me2' on page 138 undefined on input line 25.

[138 <./figures/anita_cartoon_me.png>]

Package natbib Warning: Citation `me1' on page 139 undefined on input line 40.

<figures/polarity.png, id=2851, 570.13pt x 466.74374pt>
File: figures/polarity.png Graphic file (type png)
<use figures/polarity.png>
Package pdftex.def Info: figures/polarity.png  used on input line 45.
(pdftex.def)             Requested size: 346.89732pt x 283.98683pt.

Package natbib Warning: Citation `me2' on page 139 undefined on input line 47.


Package natbib Warning: Citation `me2' on page 139 undefined on input line 47.


Package natbib Warning: Citation `me1' on page 139 undefined on input line 51.

[139] [140 <./figures/polarity.png>]

Package natbib Warning: Citation `me1' on page 141 undefined on input line 53.


Package natbib Warning: Citation `me1' on page 141 undefined on input line 57.

[141]

Package natbib Warning: Citation `me1' on page 142 undefined on input line 61.

[142] [143]
<figures/me_map.png, id=2908, 1015.795pt x 798.985pt>
File: figures/me_map.png Graphic file (type png)
<use figures/me_map.png>
Package pdftex.def Info: figures/me_map.png  used on input line 81.
(pdftex.def)             Requested size: 346.89732pt x 272.85826pt.


Package natbib Warning: Citation `me1' on page 144 undefined on input line 86.


Package natbib Warning: Citation `me2' on page 144 undefined on input line 86.

[144 <./figures/me_map.png>]
<figures/me_stripe.png, id=2924, 731.73375pt x 550.055pt>
File: figures/me_stripe.png Graphic file (type png)
<use figures/me_stripe.png>
Package pdftex.def Info: figures/me_stripe.png  used on input line 97.
(pdftex.def)             Requested size: 346.89732pt x 260.76685pt.
<figures/bin3045_pass1.png, id=2925, 765.86125pt x 566.115pt>
File: figures/bin3045_pass1.png Graphic file (type png)
<use figures/bin3045_pass1.png>
Package pdftex.def Info: figures/bin3045_pass1.png  used on input line 105.
(pdftex.def)             Requested size: 346.89732pt x 256.4252pt.
<figures/bin3045_pass3.png, id=2926, 717.68124pt x 518.93875pt>
File: figures/bin3045_pass3.png Graphic file (type png)
<use figures/bin3045_pass3.png>
Package pdftex.def Info: figures/bin3045_pass3.png  used on input line 108.
(pdftex.def)             Requested size: 346.89732pt x 250.83772pt.
 [145] [146 <./figures/me_stripe.png>] [147 <./figures/bin3045_pass1.png> <./fi
gures/bin3045_pass3.png>]
<figures/Balloon_polangle20.png, id=2960, 1100.11pt x 825.0825pt>
File: figures/Balloon_polangle20.png Graphic file (type png)
<use figures/Balloon_polangle20.png>
Package pdftex.def Info: figures/Balloon_polangle20.png  used on input line 132
.
(pdftex.def)             Requested size: 346.89732pt x 260.16675pt.
<figures/Balloon_cdf_polangle20.png, id=2961, 1100.11pt x 825.0825pt>
File: figures/Balloon_cdf_polangle20.png Graphic file (type png)
<use figures/Balloon_cdf_polangle20.png>
Package pdftex.def Info: figures/Balloon_cdf_polangle20.png  used on input line
 135.
(pdftex.def)             Requested size: 346.89732pt x 260.16675pt.
<figures/Balloon_2decomphcomp_cross1_20.png, id=2962, 1100.11pt x 825.0825pt>
File: figures/Balloon_2decomphcomp_cross1_20.png Graphic file (type png)
<use figures/Balloon_2decomphcomp_cross1_20.png>
Package pdftex.def Info: figures/Balloon_2decomphcomp_cross1_20.png  used on in
put line 145.
(pdftex.def)             Requested size: 216.81pt x 162.60893pt.
<figures/Balloon_2decomphcomp_cross0_3_20.png, id=2963, 1100.11pt x 825.0825pt>

File: figures/Balloon_2decomphcomp_cross0_3_20.png Graphic file (type png)
<use figures/Balloon_2decomphcomp_cross0_3_20.png>
Package pdftex.def Info: figures/Balloon_2decomphcomp_cross0_3_20.png  used on 
input line 148.
(pdftex.def)             Requested size: 216.81pt x 162.60893pt.
<figures/Balloon_2decomphcomp_cross0_01_20.png, id=2964, 1100.11pt x 825.0825pt
>
File: figures/Balloon_2decomphcomp_cross0_01_20.png Graphic file (type png)
<use figures/Balloon_2decomphcomp_cross0_01_20.png>
Package pdftex.def Info: figures/Balloon_2decomphcomp_cross0_01_20.png  used on
 input line 151.
(pdftex.def)             Requested size: 216.81pt x 162.60893pt.


LaTeX Warning: Float too large for page by 2.79681pt on input line 154.

[148] [149 <./figures/Balloon_polangle20.png> <./figures/Balloon_cdf_polangle20
.png>] [150 <./figures/Balloon_2decomphcomp_cross1_20.png> <./figures/Balloon_2
decomphcomp_cross0_3_20.png> <./figures/Balloon_2decomphcomp_cross0_01_20.png>]
<figures/6_forthesis.png, id=2995, 1001.7425pt x 783.92876pt>
File: figures/6_forthesis.png Graphic file (type png)
<use figures/6_forthesis.png>
Package pdftex.def Info: figures/6_forthesis.png  used on input line 188.
(pdftex.def)             Requested size: 346.89732pt x 271.47246pt.
<figures/bragg_like_thesis.pdf, id=2996, 569.12625pt x 346.29375pt>
File: figures/bragg_like_thesis.pdf Graphic file (type pdf)
<use figures/bragg_like_thesis.pdf>
Package pdftex.def Info: figures/bragg_like_thesis.pdf  used on input line 189.

(pdftex.def)             Requested size: 346.89732pt x 211.08563pt.

Package natbib Warning: Citation `diffuse' on page 151 undefined on input line 
201.

[151] [152 <./figures/6_forthesis.png> <./figures/bragg_like_thesis.pdf, page i
s rotated 90 degrees>]

Package natbib Warning: Citation `tuff' on page 153 undefined on input line 203
.

) [153]
\openout2 = `app3.aux'.

 (app3.tex
Appendix A.

Package natbib Warning: Citation `samStaffordThesis' on page 154 undefined on i
nput line 5.


Package natbib Warning: Citation `jacobGordonThesis' on page 154 undefined on i
nput line 5.

[154



]
Underfull \hbox (badness 10000) in paragraph at lines 42--44

 []

[155] [156]) [157] [158]
\openout2 = `app1.aux'.

 (app1.tex
Appendix B.

Package natbib Warning: Citation `brianDaileyThesis' on page 159 undefined on i
nput line 13.


Package natbib Warning: Citation `samStaffordThesis' on page 159 undefined on i
nput line 13.


Package natbib Warning: Citation `jacobGordonThesis' on page 159 undefined on i
nput line 13.

[159



] [160] [161] [162] [163] [164]
<figures/optimize_table.png, id=3136, 1445.4pt x 903.375pt>
File: figures/optimize_table.png Graphic file (type png)
<use figures/optimize_table.png>
Package pdftex.def Info: figures/optimize_table.png  used on input line 216.
(pdftex.def)             Requested size: 433.62001pt x 271.01459pt.
) [165 <./figures/optimize_table.png>]
\openout2 = `app2.aux'.


(app2.tex
Appendix C.
File: figures/same_stripes.png Graphic file (type png)
<use figures/same_stripes.png>
Package pdftex.def Info: figures/same_stripes.png  used on input line 12.
(pdftex.def)             Requested size: 433.62001pt x 173.20976pt.
[166



] [167]) [168] [169]
\openout2 = `app4.aux'.

 (app4.tex
Appendix D.
<figures/21702154V.png, id=3191, 1185.42876pt x 788.9475pt>
File: figures/21702154V.png Graphic file (type png)
<use figures/21702154V.png>
Package pdftex.def Info: figures/21702154V.png  used on input line 28.
(pdftex.def)             Requested size: 390.25536pt x 259.72748pt.
<figures/21702154H.png, id=3192, 1175.39125pt x 791.95876pt>
File: figures/21702154H.png Graphic file (type png)
<use figures/21702154H.png>
Package pdftex.def Info: figures/21702154H.png  used on input line 29.
(pdftex.def)             Requested size: 390.25536pt x 262.94232pt.
<figures/cutValHistV02998.png, id=3193, 447.6725pt x 423.5825pt>
File: figures/cutValHistV02998.png Graphic file (type png)
<use figures/cutValHistV02998.png>
Package pdftex.def Info: figures/cutValHistV02998.png  used on input line 38.
(pdftex.def)             Requested size: 433.62001pt x 410.2993pt.
<figures/cutValHistV03037.png, id=3194, 447.6725pt x 423.5825pt>
File: figures/cutValHistV03037.png Graphic file (type png)
<use figures/cutValHistV03037.png>
Package pdftex.def Info: figures/cutValHistV03037.png  used on input line 46.
(pdftex.def)             Requested size: 433.62001pt x 410.2993pt.
<figures/diffHist02998_175_439_V.png, id=3195, 430.60875pt x 399.4925pt>
File: figures/diffHist02998_175_439_V.png Graphic file (type png)
<use figures/diffHist02998_175_439_V.png>
Package pdftex.def Info: figures/diffHist02998_175_439_V.png  used on input lin
e 54.
(pdftex.def)             Requested size: 433.62001pt x 402.29556pt.
<figures/diffHist03037_175_439_V.png, id=3196, 424.58624pt x 397.485pt>
File: figures/diffHist03037_175_439_V.png Graphic file (type png)
<use figures/diffHist03037_175_439_V.png>
Package pdftex.def Info: figures/diffHist03037_175_439_V.png  used on input lin
e 63.
(pdftex.def)             Requested size: 433.62001pt x 405.96306pt.
) [170



] [171 <./figures/21702154V.png> <./figures/21702154H.png>] [172 <./figures/cut
ValHistV02998.png>] [173 <./figures/cutValHistV03037.png>] [174 <./figures/diff
Hist02998_175_439_V.png>] [175 <./figures/diffHist03037_175_439_V.png>]
No file template.bbl.

Package natbib Warning: There were undefined citations.

Package atveryend Info: Empty hook `BeforeClearDocument' on input line 179.
Package atveryend Info: Empty hook `AfterLastShipout' on input line 179.
(template.aux (template-abstract.aux) (template-ack.aux) (template-vita.aux)
(chap1.aux) (chap2.aux) (chap3.aux) (chap4.aux) (chap5.aux) (chap6.aux)
(chap7.aux) (app3.aux) (app1.aux) (app2.aux) (app4.aux))
Package atveryend Info: Executing hook `AtVeryEndDocument' on input line 179.
Package atveryend Info: Empty hook `AtEndAfterFileList' on input line 179.


LaTeX Warning: There were multiply-defined labels.

Package atveryend Info: Empty hook `AtVeryVeryEnd' on input line 179.
 ) 
Here is how much of TeX's memory you used:
 25604 strings out of 492969
 442092 string characters out of 3135830
 735715 words of memory out of 3000000
 28447 multiletter control sequences out of 15000+200000
 541451 words of font info for 55 fonts, out of 3000000 for 9000
 1143 hyphenation exceptions out of 8191
 46i,15n,89p,2029b,690s stack positions out of 5000i,500n,10000p,200000b,50000s
pdfTeX warning (dest): name{bib.-1} has been referenced but does not exist, r
eplaced by a fixed one

pdfTeX warning (dest): name{glo:sm} has been referenced but does not exist, rep
laced by a fixed one

pdfTeX warning (dest): name{glo:uhecr} has been referenced but does not exist, 
replaced by a fixed one

pdfTeX warning (dest): name{glo:dec} has been referenced but does not exist, re
placed by a fixed one

pdfTeX warning (dest): name{glo:ra} has been referenced but does not exist, rep
laced by a fixed one

pdfTeX warning (dest): name{glo:pca} has been referenced but does not exist, re
placed by a fixed one

pdfTeX warning (dest): name{glo:cr} has been referenced but does not exist, rep
laced by a fixed one

pdfTeX warning (dest): name{glo:uhecrs} has been referenced but does not exist,
 replaced by a fixed one

pdfTeX warning (dest): name{glo:eas} has been referenced but does not exist, re
placed by a fixed one

pdfTeX warning (dest): name{glo:fft} has been referenced but does not exist, re
placed by a fixed one

pdfTeX warning (dest): name{glo:rcp} has been referenced but does not exist, re
placed by a fixed one

pdfTeX warning (dest): name{glo:lcp} has been referenced but does not exist, re
placed by a fixed one

pdfTeX warning (dest): name{glo:irfcm} has been referenced but does not exist, 
replaced by a fixed one

pdfTeX warning (dest): name{glo:cw} has been referenced but does not exist, rep
laced by a fixed one

pdfTeX warning (dest): name{glo:lab} has been referenced but does not exist, re
placed by a fixed one

pdfTeX warning (dest): name{glo:sip} has been referenced but does not exist, re
placed by a fixed one

pdfTeX warning (dest): name{glo:ampa} has been referenced but does not exist, r
eplaced by a fixed one

pdfTeX warning (dest): name{glo:vpol} has been referenced but does not exist, r
eplaced by a fixed one

pdfTeX warning (dest): name{glo:hpol} has been referenced but does not exist, r
eplaced by a fixed one

pdfTeX warning (dest): name{glo:fwhm} has been referenced but does not exist, r
eplaced by a fixed one

pdfTeX warning (dest): name{glo:tuff} has been referenced but does not exist, r
eplaced by a fixed one

pdfTeX warning (dest): name{glo:rf} has been referenced but does not exist, rep
laced by a fixed one

pdfTeX warning (dest): name{glo:ldb} has been referenced but does not exist, re
placed by a fixed one

pdfTeX warning (dest): name{glo:ara} has been referenced but does not exist, re
placed by a fixed one

pdfTeX warning (dest): name{glo:cmb} has been referenced but does not exist, re
placed by a fixed one

pdfTeX warning (dest): name{glo:uhe} has been referenced but does not exist, re
placed by a fixed one

pdfTeX warning (dest): name{subfigure.9.3} has been referenced but does not exi
st, replaced by a fixed one

pdfTeX warning (dest): name{subfigure.9.2} has been referenced but does not exi
st, replaced by a fixed one

pdfTeX warning (dest): name{subfigure.9.1} has been referenced but does not exi
st, replaced by a fixed one

pdfTeX warning (dest): name{glo:grb} has been referenced but does not exist, re
placed by a fixed one

pdfTeX warning (dest): name{glo:anita} has been referenced but does not exist, 
replaced by a fixed one

pdfTeX warning (dest): name{glo:grbs} has been referenced but does not exist, r
eplaced by a fixed one

pdfTeX warning (dest): name{subfigure.6.2} has been referenced but does not exi
st, replaced by a fixed one

pdfTeX warning (dest): name{subfigure.6.1} has been referenced but does not exi
st, replaced by a fixed one

pdfTeX warning (dest): name{subfigure.2.2} has been referenced but does not exi
st, replaced by a fixed one

pdfTeX warning (dest): name{subfigure.2.1} has been referenced but does not exi
st, replaced by a fixed one

pdfTeX warning (dest): name{subfigure.3.2} has been referenced but does not exi
st, replaced by a fixed one

pdfTeX warning (dest): name{subfigure.3.1} has been referenced but does not exi
st, replaced by a fixed one

<C:/Program Files/MiKTeX 2.9/fonts/type1/public/amsfonts/cm/cmbx10.pfb><C:/Prog
ram Files/MiKTeX 2.9/fonts/type1/public/amsfonts/cm/cmbx12.pfb><C:/Program File
s/MiKTeX 2.9/fonts/type1/public/amsfonts/cm/cmcsc10.pfb><C:/Program Files/MiKTe
X 2.9/fonts/type1/public/amsfonts/cm/cmex10.pfb><C:/Program Files/MiKTeX 2.9/fo
nts/type1/public/amsfonts/cm/cmmi10.pfb><C:/Program Files/MiKTeX 2.9/fonts/type
1/public/amsfonts/cm/cmmi6.pfb><C:/Program Files/MiKTeX 2.9/fonts/type1/public/
amsfonts/cm/cmmi8.pfb><C:/Program Files/MiKTeX 2.9/fonts/type1/public/amsfonts/
cm/cmr10.pfb><C:/Program Files/MiKTeX 2.9/fonts/type1/public/amsfonts/cm/cmr12.
pfb><C:/Program Files/MiKTeX 2.9/fonts/type1/public/amsfonts/cm/cmr8.pfb><C:/Pr
ogram Files/MiKTeX 2.9/fonts/type1/public/amsfonts/cm/cmr9.pfb><C:/Program File
s/MiKTeX 2.9/fonts/type1/public/amsfonts/cm/cmsy10.pfb><C:/Program Files/MiKTeX
 2.9/fonts/type1/public/amsfonts/cm/cmsy8.pfb><C:/Program Files/MiKTeX 2.9/font
s/type1/public/amsfonts/cm/cmti10.pfb><C:/Program Files/MiKTeX 2.9/fonts/type1/
public/amsfonts/cm/cmtt10.pfb>
Output written on template.pdf (194 pages, 14270289 bytes).
PDF statistics:
 3768 PDF objects out of 4296 (max. 8388607)
 527 named destinations out of 1000 (max. 500000)
 1539 words of extra memory for PDF output out of 10000 (max. 10000000)

